-------------------------------------------------------------------------------
Test set: com.example.tests.QuestionServiceTest
-------------------------------------------------------------------------------
Tests run: 12, Failures: 0, Errors: 12, Skipped: 0, Time elapsed: 7.158 sec <<< FAILURE! - in com.example.tests.QuestionServiceTest
updateAnswer1Test(com.example.tests.QuestionServiceTest)  Time elapsed: 0.185 sec  <<< ERROR!
org.springframework.dao.InvalidDataAccessApiUsageException: id to load is required for loading; nested exception is java.lang.IllegalArgumentException: id to load is required for loading
	at org.hibernate.event.spi.LoadEvent.<init>(LoadEvent.java:93)
	at org.hibernate.event.spi.LoadEvent.<init>(LoadEvent.java:63)
	at org.hibernate.internal.SessionImpl$IdentifierLoadAccessImpl.load(SessionImpl.java:2693)
	at org.hibernate.internal.SessionImpl.get(SessionImpl.java:975)
	at com.example.repository.QuestionsRepository.findById(QuestionsRepository.java:49)
	at com.example.repository.QuestionsRepository$$FastClassBySpringCGLIB$$75de85c4.invoke(<generated>)
	at org.springframework.cglib.proxy.MethodProxy.invoke(MethodProxy.java:204)
	at org.springframework.aop.framework.CglibAopProxy$CglibMethodInvocation.invokeJoinpoint(CglibAopProxy.java:720)
	at org.springframework.aop.framework.ReflectiveMethodInvocation.proceed(ReflectiveMethodInvocation.java:157)
	at org.springframework.dao.support.PersistenceExceptionTranslationInterceptor.invoke(PersistenceExceptionTranslationInterceptor.java:136)
	at org.springframework.aop.framework.ReflectiveMethodInvocation.proceed(ReflectiveMethodInvocation.java:179)
	at org.springframework.transaction.interceptor.TransactionInterceptor$1.proceedWithInvocation(TransactionInterceptor.java:99)
	at org.springframework.transaction.interceptor.TransactionAspectSupport.invokeWithinTransaction(TransactionAspectSupport.java:281)
	at org.springframework.transaction.interceptor.TransactionInterceptor.invoke(TransactionInterceptor.java:96)
	at org.springframework.aop.framework.ReflectiveMethodInvocation.proceed(ReflectiveMethodInvocation.java:179)
	at org.springframework.aop.framework.CglibAopProxy$DynamicAdvisedInterceptor.intercept(CglibAopProxy.java:655)
	at com.example.repository.QuestionsRepository$$EnhancerBySpringCGLIB$$59c5c1de.findById(<generated>)
	at com.example.service.QuestionServiceImpl.editQuestion(QuestionServiceImpl.java:56)
	at com.example.tests.QuestionServiceTest.updateAnswer1Test(QuestionServiceTest.java:75)

updateAnswer2Test(com.example.tests.QuestionServiceTest)  Time elapsed: 0.013 sec  <<< ERROR!
org.springframework.dao.InvalidDataAccessApiUsageException: id to load is required for loading; nested exception is java.lang.IllegalArgumentException: id to load is required for loading
	at org.hibernate.event.spi.LoadEvent.<init>(LoadEvent.java:93)
	at org.hibernate.event.spi.LoadEvent.<init>(LoadEvent.java:63)
	at org.hibernate.internal.SessionImpl$IdentifierLoadAccessImpl.load(SessionImpl.java:2693)
	at org.hibernate.internal.SessionImpl.get(SessionImpl.java:975)
	at com.example.repository.QuestionsRepository.findById(QuestionsRepository.java:49)
	at com.example.repository.QuestionsRepository$$FastClassBySpringCGLIB$$75de85c4.invoke(<generated>)
	at org.springframework.cglib.proxy.MethodProxy.invoke(MethodProxy.java:204)
	at org.springframework.aop.framework.CglibAopProxy$CglibMethodInvocation.invokeJoinpoint(CglibAopProxy.java:720)
	at org.springframework.aop.framework.ReflectiveMethodInvocation.proceed(ReflectiveMethodInvocation.java:157)
	at org.springframework.dao.support.PersistenceExceptionTranslationInterceptor.invoke(PersistenceExceptionTranslationInterceptor.java:136)
	at org.springframework.aop.framework.ReflectiveMethodInvocation.proceed(ReflectiveMethodInvocation.java:179)
	at org.springframework.transaction.interceptor.TransactionInterceptor$1.proceedWithInvocation(TransactionInterceptor.java:99)
	at org.springframework.transaction.interceptor.TransactionAspectSupport.invokeWithinTransaction(TransactionAspectSupport.java:281)
	at org.springframework.transaction.interceptor.TransactionInterceptor.invoke(TransactionInterceptor.java:96)
	at org.springframework.aop.framework.ReflectiveMethodInvocation.proceed(ReflectiveMethodInvocation.java:179)
	at org.springframework.aop.framework.CglibAopProxy$DynamicAdvisedInterceptor.intercept(CglibAopProxy.java:655)
	at com.example.repository.QuestionsRepository$$EnhancerBySpringCGLIB$$59c5c1de.findById(<generated>)
	at com.example.service.QuestionServiceImpl.editQuestion(QuestionServiceImpl.java:56)
	at com.example.tests.QuestionServiceTest.updateAnswer2Test(QuestionServiceTest.java:92)

updateAnswer3Test(com.example.tests.QuestionServiceTest)  Time elapsed: 0.029 sec  <<< ERROR!
org.springframework.dao.InvalidDataAccessApiUsageException: id to load is required for loading; nested exception is java.lang.IllegalArgumentException: id to load is required for loading
	at org.hibernate.event.spi.LoadEvent.<init>(LoadEvent.java:93)
	at org.hibernate.event.spi.LoadEvent.<init>(LoadEvent.java:63)
	at org.hibernate.internal.SessionImpl$IdentifierLoadAccessImpl.load(SessionImpl.java:2693)
	at org.hibernate.internal.SessionImpl.get(SessionImpl.java:975)
	at com.example.repository.QuestionsRepository.findById(QuestionsRepository.java:49)
	at com.example.repository.QuestionsRepository$$FastClassBySpringCGLIB$$75de85c4.invoke(<generated>)
	at org.springframework.cglib.proxy.MethodProxy.invoke(MethodProxy.java:204)
	at org.springframework.aop.framework.CglibAopProxy$CglibMethodInvocation.invokeJoinpoint(CglibAopProxy.java:720)
	at org.springframework.aop.framework.ReflectiveMethodInvocation.proceed(ReflectiveMethodInvocation.java:157)
	at org.springframework.dao.support.PersistenceExceptionTranslationInterceptor.invoke(PersistenceExceptionTranslationInterceptor.java:136)
	at org.springframework.aop.framework.ReflectiveMethodInvocation.proceed(ReflectiveMethodInvocation.java:179)
	at org.springframework.transaction.interceptor.TransactionInterceptor$1.proceedWithInvocation(TransactionInterceptor.java:99)
	at org.springframework.transaction.interceptor.TransactionAspectSupport.invokeWithinTransaction(TransactionAspectSupport.java:281)
	at org.springframework.transaction.interceptor.TransactionInterceptor.invoke(TransactionInterceptor.java:96)
	at org.springframework.aop.framework.ReflectiveMethodInvocation.proceed(ReflectiveMethodInvocation.java:179)
	at org.springframework.aop.framework.CglibAopProxy$DynamicAdvisedInterceptor.intercept(CglibAopProxy.java:655)
	at com.example.repository.QuestionsRepository$$EnhancerBySpringCGLIB$$59c5c1de.findById(<generated>)
	at com.example.service.QuestionServiceImpl.editQuestion(QuestionServiceImpl.java:56)
	at com.example.tests.QuestionServiceTest.updateAnswer3Test(QuestionServiceTest.java:109)

updateAnswer4Test(com.example.tests.QuestionServiceTest)  Time elapsed: 0.018 sec  <<< ERROR!
org.springframework.dao.InvalidDataAccessApiUsageException: id to load is required for loading; nested exception is java.lang.IllegalArgumentException: id to load is required for loading
	at org.hibernate.event.spi.LoadEvent.<init>(LoadEvent.java:93)
	at org.hibernate.event.spi.LoadEvent.<init>(LoadEvent.java:63)
	at org.hibernate.internal.SessionImpl$IdentifierLoadAccessImpl.load(SessionImpl.java:2693)
	at org.hibernate.internal.SessionImpl.get(SessionImpl.java:975)
	at com.example.repository.QuestionsRepository.findById(QuestionsRepository.java:49)
	at com.example.repository.QuestionsRepository$$FastClassBySpringCGLIB$$75de85c4.invoke(<generated>)
	at org.springframework.cglib.proxy.MethodProxy.invoke(MethodProxy.java:204)
	at org.springframework.aop.framework.CglibAopProxy$CglibMethodInvocation.invokeJoinpoint(CglibAopProxy.java:720)
	at org.springframework.aop.framework.ReflectiveMethodInvocation.proceed(ReflectiveMethodInvocation.java:157)
	at org.springframework.dao.support.PersistenceExceptionTranslationInterceptor.invoke(PersistenceExceptionTranslationInterceptor.java:136)
	at org.springframework.aop.framework.ReflectiveMethodInvocation.proceed(ReflectiveMethodInvocation.java:179)
	at org.springframework.transaction.interceptor.TransactionInterceptor$1.proceedWithInvocation(TransactionInterceptor.java:99)
	at org.springframework.transaction.interceptor.TransactionAspectSupport.invokeWithinTransaction(TransactionAspectSupport.java:281)
	at org.springframework.transaction.interceptor.TransactionInterceptor.invoke(TransactionInterceptor.java:96)
	at org.springframework.aop.framework.ReflectiveMethodInvocation.proceed(ReflectiveMethodInvocation.java:179)
	at org.springframework.aop.framework.CglibAopProxy$DynamicAdvisedInterceptor.intercept(CglibAopProxy.java:655)
	at com.example.repository.QuestionsRepository$$EnhancerBySpringCGLIB$$59c5c1de.findById(<generated>)
	at com.example.service.QuestionServiceImpl.editQuestion(QuestionServiceImpl.java:56)
	at com.example.tests.QuestionServiceTest.updateAnswer4Test(QuestionServiceTest.java:126)

deleteQuestionTest(com.example.tests.QuestionServiceTest)  Time elapsed: 0.025 sec  <<< ERROR!
java.lang.NullPointerException: null
	at com.example.tests.QuestionServiceTest.deleteQuestionTest(QuestionServiceTest.java:210)

updateQuestionTest(com.example.tests.QuestionServiceTest)  Time elapsed: 0.012 sec  <<< ERROR!
org.springframework.dao.InvalidDataAccessApiUsageException: id to load is required for loading; nested exception is java.lang.IllegalArgumentException: id to load is required for loading
	at org.hibernate.event.spi.LoadEvent.<init>(LoadEvent.java:93)
	at org.hibernate.event.spi.LoadEvent.<init>(LoadEvent.java:63)
	at org.hibernate.internal.SessionImpl$IdentifierLoadAccessImpl.load(SessionImpl.java:2693)
	at org.hibernate.internal.SessionImpl.get(SessionImpl.java:975)
	at com.example.repository.QuestionsRepository.findById(QuestionsRepository.java:49)
	at com.example.repository.QuestionsRepository$$FastClassBySpringCGLIB$$75de85c4.invoke(<generated>)
	at org.springframework.cglib.proxy.MethodProxy.invoke(MethodProxy.java:204)
	at org.springframework.aop.framework.CglibAopProxy$CglibMethodInvocation.invokeJoinpoint(CglibAopProxy.java:720)
	at org.springframework.aop.framework.ReflectiveMethodInvocation.proceed(ReflectiveMethodInvocation.java:157)
	at org.springframework.dao.support.PersistenceExceptionTranslationInterceptor.invoke(PersistenceExceptionTranslationInterceptor.java:136)
	at org.springframework.aop.framework.ReflectiveMethodInvocation.proceed(ReflectiveMethodInvocation.java:179)
	at org.springframework.transaction.interceptor.TransactionInterceptor$1.proceedWithInvocation(TransactionInterceptor.java:99)
	at org.springframework.transaction.interceptor.TransactionAspectSupport.invokeWithinTransaction(TransactionAspectSupport.java:281)
	at org.springframework.transaction.interceptor.TransactionInterceptor.invoke(TransactionInterceptor.java:96)
	at org.springframework.aop.framework.ReflectiveMethodInvocation.proceed(ReflectiveMethodInvocation.java:179)
	at org.springframework.aop.framework.CglibAopProxy$DynamicAdvisedInterceptor.intercept(CglibAopProxy.java:655)
	at com.example.repository.QuestionsRepository$$EnhancerBySpringCGLIB$$59c5c1de.findById(<generated>)
	at com.example.service.QuestionServiceImpl.editQuestion(QuestionServiceImpl.java:56)
	at com.example.tests.QuestionServiceTest.updateQuestionTest(QuestionServiceTest.java:57)

deleteQuestionInvalidId(com.example.tests.QuestionServiceTest)  Time elapsed: 0.034 sec  <<< ERROR!
java.lang.Exception: Unexpected exception, expected<inti.ws.spring.exception.client.BadRequestException> but was<org.springframework.orm.hibernate5.HibernateObjectRetrievalFailureException>
	at org.hibernate.boot.internal.StandardEntityNotFoundDelegate.handleEntityNotFound(StandardEntityNotFoundDelegate.java:28)
	at org.hibernate.proxy.AbstractLazyInitializer.checkTargetState(AbstractLazyInitializer.java:242)
	at org.hibernate.proxy.AbstractLazyInitializer.initialize(AbstractLazyInitializer.java:159)
	at org.hibernate.proxy.AbstractLazyInitializer.getImplementation(AbstractLazyInitializer.java:266)
	at org.hibernate.engine.internal.StatefulPersistenceContext.unproxyAndReassociate(StatefulPersistenceContext.java:634)
	at org.hibernate.event.internal.DefaultDeleteEventListener.onDelete(DefaultDeleteEventListener.java:72)
	at org.hibernate.event.internal.DefaultDeleteEventListener.onDelete(DefaultDeleteEventListener.java:56)
	at org.hibernate.internal.SessionImpl.fireDelete(SessionImpl.java:921)
	at org.hibernate.internal.SessionImpl.delete(SessionImpl.java:860)
	at com.example.repository.QuestionsRepository.deleteById(QuestionsRepository.java:37)
	at com.example.repository.QuestionsRepository$$FastClassBySpringCGLIB$$75de85c4.invoke(<generated>)
	at org.springframework.cglib.proxy.MethodProxy.invoke(MethodProxy.java:204)
	at org.springframework.aop.framework.CglibAopProxy$CglibMethodInvocation.invokeJoinpoint(CglibAopProxy.java:720)
	at org.springframework.aop.framework.ReflectiveMethodInvocation.proceed(ReflectiveMethodInvocation.java:157)
	at org.springframework.dao.support.PersistenceExceptionTranslationInterceptor.invoke(PersistenceExceptionTranslationInterceptor.java:136)
	at org.springframework.aop.framework.ReflectiveMethodInvocation.proceed(ReflectiveMethodInvocation.java:179)
	at org.springframework.transaction.interceptor.TransactionInterceptor$1.proceedWithInvocation(TransactionInterceptor.java:99)
	at org.springframework.transaction.interceptor.TransactionAspectSupport.invokeWithinTransaction(TransactionAspectSupport.java:281)
	at org.springframework.transaction.interceptor.TransactionInterceptor.invoke(TransactionInterceptor.java:96)
	at org.springframework.aop.framework.ReflectiveMethodInvocation.proceed(ReflectiveMethodInvocation.java:179)
	at org.springframework.aop.framework.CglibAopProxy$DynamicAdvisedInterceptor.intercept(CglibAopProxy.java:655)
	at com.example.repository.QuestionsRepository$$EnhancerBySpringCGLIB$$59c5c1de.deleteById(<generated>)
	at com.example.service.QuestionServiceImpl.deleteById(QuestionServiceImpl.java:29)
	at com.example.tests.QuestionServiceTest.deleteQuestionInvalidId(QuestionServiceTest.java:220)

updateCategoryTest(com.example.tests.QuestionServiceTest)  Time elapsed: 0.015 sec  <<< ERROR!
org.springframework.dao.InvalidDataAccessApiUsageException: id to load is required for loading; nested exception is java.lang.IllegalArgumentException: id to load is required for loading
	at org.hibernate.event.spi.LoadEvent.<init>(LoadEvent.java:93)
	at org.hibernate.event.spi.LoadEvent.<init>(LoadEvent.java:63)
	at org.hibernate.internal.SessionImpl$IdentifierLoadAccessImpl.load(SessionImpl.java:2693)
	at org.hibernate.internal.SessionImpl.get(SessionImpl.java:975)
	at com.example.repository.QuestionsRepository.findById(QuestionsRepository.java:49)
	at com.example.repository.QuestionsRepository$$FastClassBySpringCGLIB$$75de85c4.invoke(<generated>)
	at org.springframework.cglib.proxy.MethodProxy.invoke(MethodProxy.java:204)
	at org.springframework.aop.framework.CglibAopProxy$CglibMethodInvocation.invokeJoinpoint(CglibAopProxy.java:720)
	at org.springframework.aop.framework.ReflectiveMethodInvocation.proceed(ReflectiveMethodInvocation.java:157)
	at org.springframework.dao.support.PersistenceExceptionTranslationInterceptor.invoke(PersistenceExceptionTranslationInterceptor.java:136)
	at org.springframework.aop.framework.ReflectiveMethodInvocation.proceed(ReflectiveMethodInvocation.java:179)
	at org.springframework.transaction.interceptor.TransactionInterceptor$1.proceedWithInvocation(TransactionInterceptor.java:99)
	at org.springframework.transaction.interceptor.TransactionAspectSupport.invokeWithinTransaction(TransactionAspectSupport.java:281)
	at org.springframework.transaction.interceptor.TransactionInterceptor.invoke(TransactionInterceptor.java:96)
	at org.springframework.aop.framework.ReflectiveMethodInvocation.proceed(ReflectiveMethodInvocation.java:179)
	at org.springframework.aop.framework.CglibAopProxy$DynamicAdvisedInterceptor.intercept(CglibAopProxy.java:655)
	at com.example.repository.QuestionsRepository$$EnhancerBySpringCGLIB$$59c5c1de.findById(<generated>)
	at com.example.service.QuestionServiceImpl.editQuestion(QuestionServiceImpl.java:56)
	at com.example.tests.QuestionServiceTest.updateCategoryTest(QuestionServiceTest.java:160)

updateAnswerTest(com.example.tests.QuestionServiceTest)  Time elapsed: 0.019 sec  <<< ERROR!
org.springframework.dao.InvalidDataAccessApiUsageException: id to load is required for loading; nested exception is java.lang.IllegalArgumentException: id to load is required for loading
	at org.hibernate.event.spi.LoadEvent.<init>(LoadEvent.java:93)
	at org.hibernate.event.spi.LoadEvent.<init>(LoadEvent.java:63)
	at org.hibernate.internal.SessionImpl$IdentifierLoadAccessImpl.load(SessionImpl.java:2693)
	at org.hibernate.internal.SessionImpl.get(SessionImpl.java:975)
	at com.example.repository.QuestionsRepository.findById(QuestionsRepository.java:49)
	at com.example.repository.QuestionsRepository$$FastClassBySpringCGLIB$$75de85c4.invoke(<generated>)
	at org.springframework.cglib.proxy.MethodProxy.invoke(MethodProxy.java:204)
	at org.springframework.aop.framework.CglibAopProxy$CglibMethodInvocation.invokeJoinpoint(CglibAopProxy.java:720)
	at org.springframework.aop.framework.ReflectiveMethodInvocation.proceed(ReflectiveMethodInvocation.java:157)
	at org.springframework.dao.support.PersistenceExceptionTranslationInterceptor.invoke(PersistenceExceptionTranslationInterceptor.java:136)
	at org.springframework.aop.framework.ReflectiveMethodInvocation.proceed(ReflectiveMethodInvocation.java:179)
	at org.springframework.transaction.interceptor.TransactionInterceptor$1.proceedWithInvocation(TransactionInterceptor.java:99)
	at org.springframework.transaction.interceptor.TransactionAspectSupport.invokeWithinTransaction(TransactionAspectSupport.java:281)
	at org.springframework.transaction.interceptor.TransactionInterceptor.invoke(TransactionInterceptor.java:96)
	at org.springframework.aop.framework.ReflectiveMethodInvocation.proceed(ReflectiveMethodInvocation.java:179)
	at org.springframework.aop.framework.CglibAopProxy$DynamicAdvisedInterceptor.intercept(CglibAopProxy.java:655)
	at com.example.repository.QuestionsRepository$$EnhancerBySpringCGLIB$$59c5c1de.findById(<generated>)
	at com.example.service.QuestionServiceImpl.editQuestion(QuestionServiceImpl.java:56)
	at com.example.tests.QuestionServiceTest.updateAnswerTest(QuestionServiceTest.java:143)

updateDifficultyTest(com.example.tests.QuestionServiceTest)  Time elapsed: 0.013 sec  <<< ERROR!
org.springframework.dao.InvalidDataAccessApiUsageException: id to load is required for loading; nested exception is java.lang.IllegalArgumentException: id to load is required for loading
	at org.hibernate.event.spi.LoadEvent.<init>(LoadEvent.java:93)
	at org.hibernate.event.spi.LoadEvent.<init>(LoadEvent.java:63)
	at org.hibernate.internal.SessionImpl$IdentifierLoadAccessImpl.load(SessionImpl.java:2693)
	at org.hibernate.internal.SessionImpl.get(SessionImpl.java:975)
	at com.example.repository.QuestionsRepository.findById(QuestionsRepository.java:49)
	at com.example.repository.QuestionsRepository$$FastClassBySpringCGLIB$$75de85c4.invoke(<generated>)
	at org.springframework.cglib.proxy.MethodProxy.invoke(MethodProxy.java:204)
	at org.springframework.aop.framework.CglibAopProxy$CglibMethodInvocation.invokeJoinpoint(CglibAopProxy.java:720)
	at org.springframework.aop.framework.ReflectiveMethodInvocation.proceed(ReflectiveMethodInvocation.java:157)
	at org.springframework.dao.support.PersistenceExceptionTranslationInterceptor.invoke(PersistenceExceptionTranslationInterceptor.java:136)
	at org.springframework.aop.framework.ReflectiveMethodInvocation.proceed(ReflectiveMethodInvocation.java:179)
	at org.springframework.transaction.interceptor.TransactionInterceptor$1.proceedWithInvocation(TransactionInterceptor.java:99)
	at org.springframework.transaction.interceptor.TransactionAspectSupport.invokeWithinTransaction(TransactionAspectSupport.java:281)
	at org.springframework.transaction.interceptor.TransactionInterceptor.invoke(TransactionInterceptor.java:96)
	at org.springframework.aop.framework.ReflectiveMethodInvocation.proceed(ReflectiveMethodInvocation.java:179)
	at org.springframework.aop.framework.CglibAopProxy$DynamicAdvisedInterceptor.intercept(CglibAopProxy.java:655)
	at com.example.repository.QuestionsRepository$$EnhancerBySpringCGLIB$$59c5c1de.findById(<generated>)
	at com.example.service.QuestionServiceImpl.editQuestion(QuestionServiceImpl.java:56)
	at com.example.tests.QuestionServiceTest.updateDifficultyTest(QuestionServiceTest.java:177)

getAllQuestionsTest(com.example.tests.QuestionServiceTest)  Time elapsed: 0.177 sec  <<< ERROR!
java.lang.NullPointerException: null
	at com.example.tests.QuestionServiceTest.getAllQuestionsTest(QuestionServiceTest.java:195)

addQuestionTest(com.example.tests.QuestionServiceTest)  Time elapsed: 0.013 sec  <<< ERROR!
java.lang.NullPointerException: null
	at com.example.tests.QuestionServiceTest.addQuestionTest(QuestionServiceTest.java:41)

