<?xml version="1.0" encoding="UTF-8"?>
<testsuite name="com.example.tests.QuestionServiceTest" time="0.553" tests="12" errors="12" skipped="0" failures="0">
  <properties>
[...]
</properties>
  <testcase name="updateAnswer1Test" classname="com.example.tests.QuestionServiceTest" time="0.185">
    <error message="id to load is required for loading; nested exception is java.lang.IllegalArgumentException: id to load is required for loading" type="org.springframework.dao.InvalidDataAccessApiUsageException"><![CDATA[org.springframework.dao.InvalidDataAccessApiUsageException: id to load is required for loading; nested exception is java.lang.IllegalArgumentException: id to load is required for loading
	at org.hibernate.event.spi.LoadEvent.<init>(LoadEvent.java:93)
	at org.hibernate.event.spi.LoadEvent.<init>(LoadEvent.java:63)
	at org.hibernate.internal.SessionImpl$IdentifierLoadAccessImpl.load(SessionImpl.java:2693)
	at org.hibernate.internal.SessionImpl.get(SessionImpl.java:975)
	at com.example.repository.QuestionsRepository.findById(QuestionsRepository.java:49)
	at com.example.repository.QuestionsRepository$$FastClassBySpringCGLIB$$75de85c4.invoke(<generated>)
	at org.springframework.cglib.proxy.MethodProxy.invoke(MethodProxy.java:204)
	at org.springframework.aop.framework.CglibAopProxy$CglibMethodInvocation.invokeJoinpoint(CglibAopProxy.java:720)
	at org.springframework.aop.framework.ReflectiveMethodInvocation.proceed(ReflectiveMethodInvocation.java:157)
	at org.springframework.dao.support.PersistenceExceptionTranslationInterceptor.invoke(PersistenceExceptionTranslationInterceptor.java:136)
	at org.springframework.aop.framework.ReflectiveMethodInvocation.proceed(ReflectiveMethodInvocation.java:179)
	at org.springframework.transaction.interceptor.TransactionInterceptor$1.proceedWithInvocation(TransactionInterceptor.java:99)
	at org.springframework.transaction.interceptor.TransactionAspectSupport.invokeWithinTransaction(TransactionAspectSupport.java:281)
	at org.springframework.transaction.interceptor.TransactionInterceptor.invoke(TransactionInterceptor.java:96)
	at org.springframework.aop.framework.ReflectiveMethodInvocation.proceed(ReflectiveMethodInvocation.java:179)
	at org.springframework.aop.framework.CglibAopProxy$DynamicAdvisedInterceptor.intercept(CglibAopProxy.java:655)
	at com.example.repository.QuestionsRepository$$EnhancerBySpringCGLIB$$59c5c1de.findById(<generated>)
	at com.example.service.QuestionServiceImpl.editQuestion(QuestionServiceImpl.java:56)
	at com.example.tests.QuestionServiceTest.updateAnswer1Test(QuestionServiceTest.java:75)
]]></error>
    <system-out><![CDATA[12:15:54.858 [main] DEBUG org.springframework.test.context.junit4.SpringJUnit4ClassRunner - SpringJUnit4ClassRunner constructor called with [class com.example.tests.QuestionServiceTest]
12:15:54.866 [main] DEBUG org.springframework.test.context.BootstrapUtils - Instantiating CacheAwareContextLoaderDelegate from class [org.springframework.test.context.cache.DefaultCacheAwareContextLoaderDelegate]
12:15:54.878 [main] DEBUG org.springframework.test.context.BootstrapUtils - Instantiating BootstrapContext using constructor [public org.springframework.test.context.support.DefaultBootstrapContext(java.lang.Class,org.springframework.test.context.CacheAwareContextLoaderDelegate)]
12:15:54.902 [main] DEBUG org.springframework.test.context.BootstrapUtils - Instantiating TestContextBootstrapper for test class [com.example.tests.QuestionServiceTest] from class [org.springframework.boot.test.context.SpringBootTestContextBootstrapper]
12:15:54.914 [main] INFO org.springframework.boot.test.context.SpringBootTestContextBootstrapper - Neither @ContextConfiguration nor @ContextHierarchy found for test class [com.example.tests.QuestionServiceTest], using SpringBootContextLoader
12:15:54.918 [main] DEBUG org.springframework.test.context.support.AbstractContextLoader - Did not detect default resource location for test class [com.example.tests.QuestionServiceTest]: class path resource [com/example/tests/QuestionServiceTest-context.xml] does not exist
12:15:54.919 [main] DEBUG org.springframework.test.context.support.AbstractContextLoader - Did not detect default resource location for test class [com.example.tests.QuestionServiceTest]: class path resource [com/example/tests/QuestionServiceTestContext.groovy] does not exist
12:15:54.920 [main] INFO org.springframework.test.context.support.AbstractContextLoader - Could not detect default resource locations for test class [com.example.tests.QuestionServiceTest]: no resource found for suffixes {-context.xml, Context.groovy}.
12:15:54.921 [main] INFO org.springframework.test.context.support.AnnotationConfigContextLoaderUtils - Could not detect default configuration classes for test class [com.example.tests.QuestionServiceTest]: QuestionServiceTest does not declare any static, non-private, non-final, nested classes annotated with @Configuration.
12:15:54.974 [main] DEBUG org.springframework.test.context.support.ActiveProfilesUtils - Could not find an 'annotation declaring class' for annotation type [org.springframework.test.context.ActiveProfiles] and class [com.example.tests.QuestionServiceTest]
12:15:55.041 [main] DEBUG org.springframework.core.env.StandardEnvironment - Adding [systemProperties] PropertySource with lowest search precedence
12:15:55.042 [main] DEBUG org.springframework.core.env.StandardEnvironment - Adding [systemEnvironment] PropertySource with lowest search precedence
12:15:55.042 [main] DEBUG org.springframework.core.env.StandardEnvironment - Initialized StandardEnvironment with PropertySources [systemProperties,systemEnvironment]
12:15:55.057 [main] DEBUG org.springframework.core.io.support.PathMatchingResourcePatternResolver - Resolved classpath location [com/example/tests/] to resources [URL [file:/Users/abhilashsunkam/Documents/workspace-sts-3.8.2.RELEASE/QuizApp-master/target/test-classes/com/example/tests/]]
12:15:55.058 [main] DEBUG org.springframework.core.io.support.PathMatchingResourcePatternResolver - Looking for matching resources in directory tree [/Users/abhilashsunkam/Documents/workspace-sts-3.8.2.RELEASE/QuizApp-master/target/test-classes/com/example/tests]
12:15:55.058 [main] DEBUG org.springframework.core.io.support.PathMatchingResourcePatternResolver - Searching directory [/Users/abhilashsunkam/Documents/workspace-sts-3.8.2.RELEASE/QuizApp-master/target/test-classes/com/example/tests] for files matching pattern [/Users/abhilashsunkam/Documents/workspace-sts-3.8.2.RELEASE/QuizApp-master/target/test-classes/com/example/tests/*.class]
12:15:55.061 [main] DEBUG org.springframework.core.io.support.PathMatchingResourcePatternResolver - Resolved location pattern [classpath*:com/example/tests/*.class] to resources [file [/Users/abhilashsunkam/Documents/workspace-sts-3.8.2.RELEASE/QuizApp-master/target/test-classes/com/example/tests/QuestionServiceTest.class]]
12:15:55.085 [main] DEBUG org.springframework.core.io.support.PathMatchingResourcePatternResolver - Resolved classpath location [com/example/] to resources [URL [file:/Users/abhilashsunkam/Documents/workspace-sts-3.8.2.RELEASE/QuizApp-master/target/test-classes/com/example/], URL [file:/Users/abhilashsunkam/Documents/workspace-sts-3.8.2.RELEASE/QuizApp-master/target/classes/com/example/]]
12:15:55.085 [main] DEBUG org.springframework.core.io.support.PathMatchingResourcePatternResolver - Looking for matching resources in directory tree [/Users/abhilashsunkam/Documents/workspace-sts-3.8.2.RELEASE/QuizApp-master/target/test-classes/com/example]
12:15:55.086 [main] DEBUG org.springframework.core.io.support.PathMatchingResourcePatternResolver - Searching directory [/Users/abhilashsunkam/Documents/workspace-sts-3.8.2.RELEASE/QuizApp-master/target/test-classes/com/example] for files matching pattern [/Users/abhilashsunkam/Documents/workspace-sts-3.8.2.RELEASE/QuizApp-master/target/test-classes/com/example/*.class]
12:15:55.086 [main] DEBUG org.springframework.core.io.support.PathMatchingResourcePatternResolver - Looking for matching resources in directory tree [/Users/abhilashsunkam/Documents/workspace-sts-3.8.2.RELEASE/QuizApp-master/target/classes/com/example]
12:15:55.086 [main] DEBUG org.springframework.core.io.support.PathMatchingResourcePatternResolver - Searching directory [/Users/abhilashsunkam/Documents/workspace-sts-3.8.2.RELEASE/QuizApp-master/target/classes/com/example] for files matching pattern [/Users/abhilashsunkam/Documents/workspace-sts-3.8.2.RELEASE/QuizApp-master/target/classes/com/example/*.class]
12:15:55.087 [main] DEBUG org.springframework.core.io.support.PathMatchingResourcePatternResolver - Resolved location pattern [classpath*:com/example/*.class] to resources [file [/Users/abhilashsunkam/Documents/workspace-sts-3.8.2.RELEASE/QuizApp-master/target/classes/com/example/Application.class], file [/Users/abhilashsunkam/Documents/workspace-sts-3.8.2.RELEASE/QuizApp-master/target/classes/com/example/QuestionController.class], file [/Users/abhilashsunkam/Documents/workspace-sts-3.8.2.RELEASE/QuizApp-master/target/classes/com/example/QuizplayController.class]]
12:15:55.120 [main] DEBUG org.springframework.context.annotation.ClassPathScanningCandidateComponentProvider - Identified candidate component class: file [/Users/abhilashsunkam/Documents/workspace-sts-3.8.2.RELEASE/QuizApp-master/target/classes/com/example/Application.class]
12:15:55.136 [main] INFO org.springframework.boot.test.context.SpringBootTestContextBootstrapper - Found @SpringBootConfiguration com.example.Application for test class com.example.tests.QuestionServiceTest
12:15:55.141 [main] DEBUG org.springframework.boot.test.context.SpringBootTestContextBootstrapper - @TestExecutionListeners is not present for class [com.example.tests.QuestionServiceTest]: using defaults.
12:15:55.147 [main] INFO org.springframework.boot.test.context.SpringBootTestContextBootstrapper - Loaded default TestExecutionListener class names from location [META-INF/spring.factories]: [org.springframework.boot.test.mock.mockito.MockitoTestExecutionListener, org.springframework.boot.test.mock.mockito.ResetMocksTestExecutionListener, org.springframework.boot.test.autoconfigure.restdocs.RestDocsTestExecutionListener, org.springframework.boot.test.autoconfigure.web.client.MockRestServiceServerResetTestExecutionListener, org.springframework.boot.test.autoconfigure.web.servlet.MockMvcPrintOnlyOnFailureTestExecutionListener, org.springframework.boot.test.autoconfigure.web.servlet.WebDriverTestExecutionListener, org.springframework.test.context.web.ServletTestExecutionListener, org.springframework.test.context.support.DirtiesContextBeforeModesTestExecutionListener, org.springframework.test.context.support.DependencyInjectionTestExecutionListener, org.springframework.test.context.support.DirtiesContextTestExecutionListener, org.springframework.test.context.transaction.TransactionalTestExecutionListener, org.springframework.test.context.jdbc.SqlScriptsTestExecutionListener]
12:15:55.172 [main] INFO org.springframework.boot.test.context.SpringBootTestContextBootstrapper - Using TestExecutionListeners: [org.springframework.test.context.web.ServletTestExecutionListener@7c417213, org.springframework.test.context.support.DirtiesContextBeforeModesTestExecutionListener@15761df8, org.springframework.boot.test.autoconfigure.SpringBootDependencyInjectionTestExecutionListener@6ab7a896, org.springframework.test.context.support.DirtiesContextTestExecutionListener@327b636c, org.springframework.test.context.transaction.TransactionalTestExecutionListener@45dd4eda, org.springframework.test.context.jdbc.SqlScriptsTestExecutionListener@60611244, org.springframework.boot.test.autoconfigure.web.servlet.MockMvcPrintOnlyOnFailureTestExecutionListener@3745e5c6, org.springframework.boot.test.autoconfigure.web.client.MockRestServiceServerResetTestExecutionListener@5e4c8041, org.springframework.boot.test.mock.mockito.ResetMocksTestExecutionListener@71c8becc, org.springframework.boot.test.autoconfigure.web.servlet.WebDriverTestExecutionListener@19d37183, org.springframework.boot.test.mock.mockito.MockitoTestExecutionListener@1a0dcaa, org.springframework.boot.test.autoconfigure.restdocs.RestDocsTestExecutionListener@3bd40a57]
12:15:55.174 [main] DEBUG org.springframework.test.annotation.ProfileValueUtils - Retrieved @ProfileValueSourceConfiguration [null] for test class [com.example.tests.QuestionServiceTest]
12:15:55.175 [main] DEBUG org.springframework.test.annotation.ProfileValueUtils - Retrieved ProfileValueSource type [class org.springframework.test.annotation.SystemProfileValueSource] for class [com.example.tests.QuestionServiceTest]
12:15:55.180 [main] DEBUG org.springframework.test.context.junit4.SpringJUnit4ClassRunner - SpringJUnit4ClassRunner constructor called with [class com.example.tests.QuestionServiceTest]
12:15:55.180 [main] DEBUG org.springframework.test.context.BootstrapUtils - Instantiating CacheAwareContextLoaderDelegate from class [org.springframework.test.context.cache.DefaultCacheAwareContextLoaderDelegate]
12:15:55.181 [main] DEBUG org.springframework.test.context.BootstrapUtils - Instantiating BootstrapContext using constructor [public org.springframework.test.context.support.DefaultBootstrapContext(java.lang.Class,org.springframework.test.context.CacheAwareContextLoaderDelegate)]
12:15:55.181 [main] DEBUG org.springframework.test.context.BootstrapUtils - Instantiating TestContextBootstrapper for test class [com.example.tests.QuestionServiceTest] from class [org.springframework.boot.test.context.SpringBootTestContextBootstrapper]
12:15:55.182 [main] INFO org.springframework.boot.test.context.SpringBootTestContextBootstrapper - Neither @ContextConfiguration nor @ContextHierarchy found for test class [com.example.tests.QuestionServiceTest], using SpringBootContextLoader
12:15:55.183 [main] DEBUG org.springframework.test.context.support.AbstractContextLoader - Did not detect default resource location for test class [com.example.tests.QuestionServiceTest]: class path resource [com/example/tests/QuestionServiceTest-context.xml] does not exist
12:15:55.183 [main] DEBUG org.springframework.test.context.support.AbstractContextLoader - Did not detect default resource location for test class [com.example.tests.QuestionServiceTest]: class path resource [com/example/tests/QuestionServiceTestContext.groovy] does not exist
12:15:55.183 [main] INFO org.springframework.test.context.support.AbstractContextLoader - Could not detect default resource locations for test class [com.example.tests.QuestionServiceTest]: no resource found for suffixes {-context.xml, Context.groovy}.
12:15:55.184 [main] INFO org.springframework.test.context.support.AnnotationConfigContextLoaderUtils - Could not detect default configuration classes for test class [com.example.tests.QuestionServiceTest]: QuestionServiceTest does not declare any static, non-private, non-final, nested classes annotated with @Configuration.
12:15:55.190 [main] DEBUG org.springframework.test.context.support.ActiveProfilesUtils - Could not find an 'annotation declaring class' for annotation type [org.springframework.test.context.ActiveProfiles] and class [com.example.tests.QuestionServiceTest]
12:15:55.192 [main] DEBUG org.springframework.core.env.StandardEnvironment - Adding [systemProperties] PropertySource with lowest search precedence
12:15:55.193 [main] DEBUG org.springframework.core.env.StandardEnvironment - Adding [systemEnvironment] PropertySource with lowest search precedence
12:15:55.194 [main] DEBUG org.springframework.core.env.StandardEnvironment - Initialized StandardEnvironment with PropertySources [systemProperties,systemEnvironment]
12:15:55.194 [main] INFO org.springframework.boot.test.context.SpringBootTestContextBootstrapper - Found @SpringBootConfiguration com.example.Application for test class com.example.tests.QuestionServiceTest
12:15:55.197 [main] DEBUG org.springframework.boot.test.context.SpringBootTestContextBootstrapper - @TestExecutionListeners is not present for class [com.example.tests.QuestionServiceTest]: using defaults.
12:15:55.199 [main] INFO org.springframework.boot.test.context.SpringBootTestContextBootstrapper - Loaded default TestExecutionListener class names from location [META-INF/spring.factories]: [org.springframework.boot.test.mock.mockito.MockitoTestExecutionListener, org.springframework.boot.test.mock.mockito.ResetMocksTestExecutionListener, org.springframework.boot.test.autoconfigure.restdocs.RestDocsTestExecutionListener, org.springframework.boot.test.autoconfigure.web.client.MockRestServiceServerResetTestExecutionListener, org.springframework.boot.test.autoconfigure.web.servlet.MockMvcPrintOnlyOnFailureTestExecutionListener, org.springframework.boot.test.autoconfigure.web.servlet.WebDriverTestExecutionListener, org.springframework.test.context.web.ServletTestExecutionListener, org.springframework.test.context.support.DirtiesContextBeforeModesTestExecutionListener, org.springframework.test.context.support.DependencyInjectionTestExecutionListener, org.springframework.test.context.support.DirtiesContextTestExecutionListener, org.springframework.test.context.transaction.TransactionalTestExecutionListener, org.springframework.test.context.jdbc.SqlScriptsTestExecutionListener]
12:15:55.201 [main] INFO org.springframework.boot.test.context.SpringBootTestContextBootstrapper - Using TestExecutionListeners: [org.springframework.test.context.web.ServletTestExecutionListener@14d3bc22, org.springframework.test.context.support.DirtiesContextBeforeModesTestExecutionListener@12d4bf7e, org.springframework.boot.test.autoconfigure.SpringBootDependencyInjectionTestExecutionListener@4c1d9d4b, org.springframework.test.context.support.DirtiesContextTestExecutionListener@7b227d8d, org.springframework.test.context.transaction.TransactionalTestExecutionListener@7219ec67, org.springframework.test.context.jdbc.SqlScriptsTestExecutionListener@45018215, org.springframework.boot.test.autoconfigure.web.servlet.MockMvcPrintOnlyOnFailureTestExecutionListener@65d6b83b, org.springframework.boot.test.autoconfigure.web.client.MockRestServiceServerResetTestExecutionListener@d706f19, org.springframework.boot.test.mock.mockito.ResetMocksTestExecutionListener@30b7c004, org.springframework.boot.test.autoconfigure.web.servlet.WebDriverTestExecutionListener@79efed2d, org.springframework.boot.test.mock.mockito.MockitoTestExecutionListener@2928854b, org.springframework.boot.test.autoconfigure.restdocs.RestDocsTestExecutionListener@27ae2fd0]
12:15:55.201 [main] DEBUG org.springframework.test.annotation.ProfileValueUtils - Retrieved @ProfileValueSourceConfiguration [null] for test class [com.example.tests.QuestionServiceTest]
12:15:55.201 [main] DEBUG org.springframework.test.annotation.ProfileValueUtils - Retrieved ProfileValueSource type [class org.springframework.test.annotation.SystemProfileValueSource] for class [com.example.tests.QuestionServiceTest]
12:15:55.202 [main] DEBUG org.springframework.test.annotation.ProfileValueUtils - Retrieved @ProfileValueSourceConfiguration [null] for test class [com.example.tests.QuestionServiceTest]
12:15:55.202 [main] DEBUG org.springframework.test.annotation.ProfileValueUtils - Retrieved ProfileValueSource type [class org.springframework.test.annotation.SystemProfileValueSource] for class [com.example.tests.QuestionServiceTest]
12:15:55.207 [main] DEBUG org.springframework.test.context.support.AbstractDirtiesContextTestExecutionListener - Before test class: context [DefaultTestContext@45b9a632 testClass = QuestionServiceTest, testInstance = [null], testMethod = [null], testException = [null], mergedContextConfiguration = [WebMergedContextConfiguration@25d250c6 testClass = QuestionServiceTest, locations = '{}', classes = '{class com.example.Application}', contextInitializerClasses = '[]', activeProfiles = '{}', propertySourceLocations = '{}', propertySourceProperties = '{org.springframework.boot.test.context.SpringBootTestContextBootstrapper=true}', contextCustomizers = set[org.springframework.boot.test.context.SpringBootTestContextCustomizer@578486a3, org.springframework.boot.test.context.filter.ExcludeFilterContextCustomizer@1dfe2924, org.springframework.boot.test.mock.mockito.MockitoContextCustomizer@0, org.springframework.boot.test.autoconfigure.properties.PropertyMappingContextCustomizer@0, org.springframework.boot.test.autoconfigure.web.servlet.WebDriverContextCustomizerFactory$Customizer@d44fc21], resourceBasePath = 'src/main/webapp', contextLoader = 'org.springframework.boot.test.context.SpringBootContextLoader', parent = [null]]], class annotated with @DirtiesContext [false] with mode [null].
12:15:55.208 [main] DEBUG org.springframework.test.annotation.ProfileValueUtils - Retrieved @ProfileValueSourceConfiguration [null] for test class [com.example.tests.QuestionServiceTest]
12:15:55.209 [main] DEBUG org.springframework.test.annotation.ProfileValueUtils - Retrieved ProfileValueSource type [class org.springframework.test.annotation.SystemProfileValueSource] for class [com.example.tests.QuestionServiceTest]
12:15:55.238 [main] DEBUG org.springframework.core.env.StandardEnvironment - Adding [systemProperties] PropertySource with lowest search precedence
12:15:55.238 [main] DEBUG org.springframework.core.env.StandardEnvironment - Adding [systemEnvironment] PropertySource with lowest search precedence
12:15:55.239 [main] DEBUG org.springframework.core.env.StandardEnvironment - Initialized StandardEnvironment with PropertySources [systemProperties,systemEnvironment]
12:15:55.240 [main] DEBUG org.springframework.test.context.support.TestPropertySourceUtils - Adding inlined properties to environment: {spring.jmx.enabled=false, org.springframework.boot.test.context.SpringBootTestContextBootstrapper=true, server.port=-1}
12:15:55.241 [main] DEBUG org.springframework.core.env.StandardEnvironment - Adding [Inlined Test Properties] PropertySource with highest search precedence

  .   ____          _            __ _ _
 /\\ / ___'_ __ _ _(_)_ __  __ _ \ \ \ \
( ( )\___ | '_ | '_| | '_ \/ _` | \ \ \ \
 \\/  ___)| |_)| | | | | || (_| |  ) ) ) )
  '  |____| .__|_| |_|_| |_\__, | / / / /
 =========|_|==============|___/=/_/_/_/
 :: Spring Boot ::        (v1.4.1.RELEASE)

2016-10-24 12:15:55.773  INFO 81743 --- [           main] com.example.tests.QuestionServiceTest    : Starting QuestionServiceTest on Abhilashs-MacBook-Pro.local with PID 81743 (started by abhilashsunkam in /Users/abhilashsunkam/Documents/workspace-sts-3.8.2.RELEASE/QuizApp-master)
2016-10-24 12:15:55.774  INFO 81743 --- [           main] com.example.tests.QuestionServiceTest    : No active profile set, falling back to default profiles: default
2016-10-24 12:15:56.138  INFO 81743 --- [           main] o.s.w.c.s.GenericWebApplicationContext   : Refreshing org.springframework.web.context.support.GenericWebApplicationContext@4fa1c212: startup date [Mon Oct 24 12:15:56 IST 2016]; root of context hierarchy
2016-10-24 12:15:57.666  INFO 81743 --- [           main] trationDelegate$BeanPostProcessorChecker : Bean 'org.springframework.transaction.annotation.ProxyTransactionManagementConfiguration' of type [class org.springframework.transaction.annotation.ProxyTransactionManagementConfiguration$$EnhancerBySpringCGLIB$$41bfc57b] is not eligible for getting processed by all BeanPostProcessors (for example: not eligible for auto-proxying)
2016-10-24 12:15:57.755  INFO 81743 --- [           main] o.s.j.d.DriverManagerDataSource          : Loaded JDBC driver: com.mysql.jdbc.Driver
2016-10-24 12:15:58.369  INFO 81743 --- [           main] j.LocalContainerEntityManagerFactoryBean : Building JPA container EntityManagerFactory for persistence unit 'default'
2016-10-24 12:15:58.392  INFO 81743 --- [           main] o.hibernate.jpa.internal.util.LogHelper  : HHH000204: Processing PersistenceUnitInfo [
	name: default
	...]
2016-10-24 12:15:58.491  INFO 81743 --- [           main] org.hibernate.Version                    : HHH000412: Hibernate Core {5.0.11.Final}
2016-10-24 12:15:58.493  INFO 81743 --- [           main] org.hibernate.cfg.Environment            : HHH000206: hibernate.properties not found
2016-10-24 12:15:58.496  INFO 81743 --- [           main] org.hibernate.cfg.Environment            : HHH000021: Bytecode provider name : javassist
2016-10-24 12:15:58.556  INFO 81743 --- [           main] o.hibernate.annotations.common.Version   : HCANN000001: Hibernate Commons Annotations {5.0.1.Final}
2016-10-24 12:15:58.890  INFO 81743 --- [           main] org.hibernate.dialect.Dialect            : HHH000400: Using dialect: org.hibernate.dialect.MySQL5Dialect
2016-10-24 12:15:59.318  WARN 81743 --- [           main] org.hibernate.mapping.RootClass          : HHH000038: Composite-id class does not override equals(): com.example.models.Quizquestions
2016-10-24 12:15:59.319  WARN 81743 --- [           main] org.hibernate.mapping.RootClass          : HHH000039: Composite-id class does not override hashCode(): com.example.models.Quizquestions
2016-10-24 12:15:59.755  INFO 81743 --- [           main] j.LocalContainerEntityManagerFactoryBean : Initialized JPA EntityManagerFactory for persistence unit 'default'
2016-10-24 12:15:59.833  INFO 81743 --- [           main] org.hibernate.dialect.Dialect            : HHH000400: Using dialect: org.hibernate.dialect.MySQL5Dialect
2016-10-24 12:15:59.852  WARN 81743 --- [           main] org.hibernate.mapping.RootClass          : HHH000038: Composite-id class does not override equals(): com.example.models.Quizquestions
2016-10-24 12:15:59.852  WARN 81743 --- [           main] org.hibernate.mapping.RootClass          : HHH000039: Composite-id class does not override hashCode(): com.example.models.Quizquestions
2016-10-24 12:15:59.905  INFO 81743 --- [           main] o.h.tool.hbm2ddl.SchemaValidator         : HHH000229: Running schema validator
2016-10-24 12:16:00.146  INFO 81743 --- [           main] o.s.o.h.HibernateTransactionManager      : Using DataSource [org.springframework.jdbc.datasource.DriverManagerDataSource@18f55704] of Hibernate SessionFactory for HibernateTransactionManager
2016-10-24 12:16:00.782  INFO 81743 --- [           main] s.w.s.m.m.a.RequestMappingHandlerAdapter : Looking for @ControllerAdvice: org.springframework.web.context.support.GenericWebApplicationContext@4fa1c212: startup date [Mon Oct 24 12:15:56 IST 2016]; root of context hierarchy
2016-10-24 12:16:00.938  INFO 81743 --- [           main] s.w.s.m.m.a.RequestMappingHandlerMapping : Mapped "{[/editquestion/{id}],methods=[PUT]}" onto public java.lang.String com.example.QuestionController.editQuestion(java.lang.Integer,com.example.models.Questions) throws inti.ws.spring.exception.client.BadRequestException
2016-10-24 12:16:00.939  INFO 81743 --- [           main] s.w.s.m.m.a.RequestMappingHandlerMapping : Mapped "{[/getquestion/{id}],methods=[GET]}" onto public java.util.List<com.example.models.Questions> com.example.QuestionController.editQuestion(java.lang.Integer)
2016-10-24 12:16:00.940  INFO 81743 --- [           main] s.w.s.m.m.a.RequestMappingHandlerMapping : Mapped "{[/],methods=[GET]}" onto public java.lang.String com.example.QuestionController.login()
2016-10-24 12:16:00.941  INFO 81743 --- [           main] s.w.s.m.m.a.RequestMappingHandlerMapping : Mapped "{[/home],methods=[GET]}" onto public java.lang.String com.example.QuestionController.questionView()
2016-10-24 12:16:00.943  INFO 81743 --- [           main] s.w.s.m.m.a.RequestMappingHandlerMapping : Mapped "{[/getquestions],methods=[GET]}" onto public java.util.List<com.example.models.Questions> com.example.QuestionController.getAllQuestions()
2016-10-24 12:16:00.944  INFO 81743 --- [           main] s.w.s.m.m.a.RequestMappingHandlerMapping : Mapped "{[/generatequiz],methods=[GET]}" onto public java.lang.String com.example.QuestionController.showGenerateQuiz()
2016-10-24 12:16:00.944  INFO 81743 --- [           main] s.w.s.m.m.a.RequestMappingHandlerMapping : Mapped "{[/deletequestion/{id}],methods=[DELETE]}" onto public java.lang.String com.example.QuestionController.deleteQuestion(java.lang.Integer) throws inti.ws.spring.exception.client.NotFoundException,inti.ws.spring.exception.client.BadRequestException
2016-10-24 12:16:00.944  INFO 81743 --- [           main] s.w.s.m.m.a.RequestMappingHandlerMapping : Mapped "{[/setquestions],methods=[GET]}" onto public java.lang.String com.example.QuestionController.questionList()
2016-10-24 12:16:00.945  INFO 81743 --- [           main] s.w.s.m.m.a.RequestMappingHandlerMapping : Mapped "{[/setquestions],methods=[POST]}" onto public java.lang.String com.example.QuestionController.questionsAdd(java.lang.String,java.lang.String,java.lang.String,java.lang.String,java.lang.String,java.lang.String,java.lang.Integer,java.lang.Integer) throws inti.ws.spring.exception.client.BadRequestException
2016-10-24 12:16:00.947  INFO 81743 --- [           main] s.w.s.m.m.a.RequestMappingHandlerMapping : Mapped "{[/generatequiz/{cId}/{dId}],methods=[POST]}" onto public void com.example.QuestionController.generateQuiz(java.lang.Integer,java.lang.Integer,java.lang.String) throws inti.ws.spring.exception.client.BadRequestException
2016-10-24 12:16:00.947  INFO 81743 --- [           main] s.w.s.m.m.a.RequestMappingHandlerMapping : Mapped "{[/seequizzes],methods=[GET]}" onto public java.util.List<com.example.models.Quizzes> com.example.QuestionController.getAllQuizzes()
2016-10-24 12:16:00.951  INFO 81743 --- [           main] s.w.s.m.m.a.RequestMappingHandlerMapping : Mapped "{[/quizplay/{cId}/{dId}],methods=[GET]}" onto public java.util.List<com.example.models.Quizzes> com.example.QuizplayController.quizPlay(java.lang.Integer,java.lang.Integer)
2016-10-24 12:16:00.952  INFO 81743 --- [           main] s.w.s.m.m.a.RequestMappingHandlerMapping : Mapped "{[/viewquestions/{quizId}],methods=[GET]}" onto public java.util.List<com.example.models.Questions> com.example.QuizplayController.getQuizQuestions(java.lang.Integer)
2016-10-24 12:16:00.953  INFO 81743 --- [           main] s.w.s.m.m.a.RequestMappingHandlerMapping : Mapped "{[/deletequiz/{quizId}],methods=[DELETE]}" onto public void com.example.QuizplayController.deleteQuiz(java.lang.Integer) throws inti.ws.spring.exception.client.NotFoundException,inti.ws.spring.exception.client.BadRequestException
2016-10-24 12:16:00.954  INFO 81743 --- [           main] s.w.s.m.m.a.RequestMappingHandlerMapping : Mapped "{[/quizplay],methods=[GET]}" onto public java.lang.String com.example.QuizplayController.viewQuizPlay()
2016-10-24 12:16:00.954  INFO 81743 --- [           main] s.w.s.m.m.a.RequestMappingHandlerMapping : Mapped "{[/quizquestions],methods=[GET]}" onto public java.lang.String com.example.QuizplayController.viewQuizQuestion()
2016-10-24 12:16:00.957  INFO 81743 --- [           main] s.w.s.m.m.a.RequestMappingHandlerMapping : Mapped "{[/error]}" onto public org.springframework.http.ResponseEntity<java.util.Map<java.lang.String, java.lang.Object>> org.springframework.boot.autoconfigure.web.BasicErrorController.error(javax.servlet.http.HttpServletRequest)
2016-10-24 12:16:00.963  INFO 81743 --- [           main] s.w.s.m.m.a.RequestMappingHandlerMapping : Mapped "{[/error],produces=[text/html]}" onto public org.springframework.web.servlet.ModelAndView org.springframework.boot.autoconfigure.web.BasicErrorController.errorHtml(javax.servlet.http.HttpServletRequest,javax.servlet.http.HttpServletResponse)
2016-10-24 12:16:01.005  INFO 81743 --- [           main] o.s.w.s.handler.SimpleUrlHandlerMapping  : Mapped URL path [/webjars/**] onto handler of type [class org.springframework.web.servlet.resource.ResourceHttpRequestHandler]
2016-10-24 12:16:01.005  INFO 81743 --- [           main] o.s.w.s.handler.SimpleUrlHandlerMapping  : Mapped URL path [/**] onto handler of type [class org.springframework.web.servlet.resource.ResourceHttpRequestHandler]
2016-10-24 12:16:01.056  INFO 81743 --- [           main] o.s.w.s.handler.SimpleUrlHandlerMapping  : Mapped URL path [/**/favicon.ico] onto handler of type [class org.springframework.web.servlet.resource.ResourceHttpRequestHandler]
2016-10-24 12:16:01.439  INFO 81743 --- [           main] oConfiguration$WelcomePageHandlerMapping : Adding welcome page: ServletContext resource [/index.html]
2016-10-24 12:16:01.754  INFO 81743 --- [           main] com.example.tests.QuestionServiceTest    : Started QuestionServiceTest in 6.505 seconds (JVM running for 7.283)
2016-10-24 12:16:01.847  INFO 81743 --- [           main] o.s.t.c.transaction.TransactionContext   : Began transaction (1) for test context [DefaultTestContext@45b9a632 testClass = QuestionServiceTest, testInstance = com.example.tests.QuestionServiceTest@3d4818e8, testMethod = updateAnswer1Test@QuestionServiceTest, testException = [null], mergedContextConfiguration = [WebMergedContextConfiguration@25d250c6 testClass = QuestionServiceTest, locations = '{}', classes = '{class com.example.Application}', contextInitializerClasses = '[]', activeProfiles = '{}', propertySourceLocations = '{}', propertySourceProperties = '{org.springframework.boot.test.context.SpringBootTestContextBootstrapper=true}', contextCustomizers = set[org.springframework.boot.test.context.SpringBootTestContextCustomizer@578486a3, org.springframework.boot.test.context.filter.ExcludeFilterContextCustomizer@1dfe2924, org.springframework.boot.test.mock.mockito.MockitoContextCustomizer@0, org.springframework.boot.test.autoconfigure.properties.PropertyMappingContextCustomizer@0, org.springframework.boot.test.autoconfigure.web.servlet.WebDriverContextCustomizerFactory$Customizer@d44fc21], resourceBasePath = 'src/main/webapp', contextLoader = 'org.springframework.boot.test.context.SpringBootContextLoader', parent = [null]]]; transaction manager [org.springframework.orm.hibernate5.HibernateTransactionManager@38a38ed4]; rollback [true]
Hibernate: insert into quizapp.questions (answer, answer1, answer2, answer3, answer4, category_id, difficulty_id, question_name) values (?, ?, ?, ?, ?, ?, ?, ?)
Return question with idnull
2016-10-24 12:16:01.942  INFO 81743 --- [           main] o.s.t.c.transaction.TransactionContext   : Rolled back transaction for test context [DefaultTestContext@45b9a632 testClass = QuestionServiceTest, testInstance = com.example.tests.QuestionServiceTest@3d4818e8, testMethod = updateAnswer1Test@QuestionServiceTest, testException = org.springframework.dao.InvalidDataAccessApiUsageException: id to load is required for loading; nested exception is java.lang.IllegalArgumentException: id to load is required for loading, mergedContextConfiguration = [WebMergedContextConfiguration@25d250c6 testClass = QuestionServiceTest, locations = '{}', classes = '{class com.example.Application}', contextInitializerClasses = '[]', activeProfiles = '{}', propertySourceLocations = '{}', propertySourceProperties = '{org.springframework.boot.test.context.SpringBootTestContextBootstrapper=true}', contextCustomizers = set[org.springframework.boot.test.context.SpringBootTestContextCustomizer@578486a3, org.springframework.boot.test.context.filter.ExcludeFilterContextCustomizer@1dfe2924, org.springframework.boot.test.mock.mockito.MockitoContextCustomizer@0, org.springframework.boot.test.autoconfigure.properties.PropertyMappingContextCustomizer@0, org.springframework.boot.test.autoconfigure.web.servlet.WebDriverContextCustomizerFactory$Customizer@d44fc21], resourceBasePath = 'src/main/webapp', contextLoader = 'org.springframework.boot.test.context.SpringBootContextLoader', parent = [null]]].
]]></system-out>
    <system-err><![CDATA[Mon Oct 24 12:15:58 IST 2016 WARN: Establishing SSL connection without server's identity verification is not recommended. According to MySQL 5.5.45+, 5.6.26+ and 5.7.6+ requirements SSL connection must be established by default if explicit option isn't set. For compliance with existing applications not using SSL the verifyServerCertificate property is set to 'false'. You need either to explicitly disable SSL by setting useSSL=false, or set useSSL=true and provide truststore for server certificate verification.
Mon Oct 24 12:15:58 IST 2016 WARN: Establishing SSL connection without server's identity verification is not recommended. According to MySQL 5.5.45+, 5.6.26+ and 5.7.6+ requirements SSL connection must be established by default if explicit option isn't set. For compliance with existing applications not using SSL the verifyServerCertificate property is set to 'false'. You need either to explicitly disable SSL by setting useSSL=false, or set useSSL=true and provide truststore for server certificate verification.
Mon Oct 24 12:15:59 IST 2016 WARN: Establishing SSL connection without server's identity verification is not recommended. According to MySQL 5.5.45+, 5.6.26+ and 5.7.6+ requirements SSL connection must be established by default if explicit option isn't set. For compliance with existing applications not using SSL the verifyServerCertificate property is set to 'false'. You need either to explicitly disable SSL by setting useSSL=false, or set useSSL=true and provide truststore for server certificate verification.
Mon Oct 24 12:15:59 IST 2016 WARN: Establishing SSL connection without server's identity verification is not recommended. According to MySQL 5.5.45+, 5.6.26+ and 5.7.6+ requirements SSL connection must be established by default if explicit option isn't set. For compliance with existing applications not using SSL the verifyServerCertificate property is set to 'false'. You need either to explicitly disable SSL by setting useSSL=false, or set useSSL=true and provide truststore for server certificate verification.
Mon Oct 24 12:16:00 IST 2016 WARN: Establishing SSL connection without server's identity verification is not recommended. According to MySQL 5.5.45+, 5.6.26+ and 5.7.6+ requirements SSL connection must be established by default if explicit option isn't set. For compliance with existing applications not using SSL the verifyServerCertificate property is set to 'false'. You need either to explicitly disable SSL by setting useSSL=false, or set useSSL=true and provide truststore for server certificate verification.
Mon Oct 24 12:16:01 IST 2016 WARN: Establishing SSL connection without server's identity verification is not recommended. According to MySQL 5.5.45+, 5.6.26+ and 5.7.6+ requirements SSL connection must be established by default if explicit option isn't set. For compliance with existing applications not using SSL the verifyServerCertificate property is set to 'false'. You need either to explicitly disable SSL by setting useSSL=false, or set useSSL=true and provide truststore for server certificate verification.
]]></system-err>
  </testcase>
  <testcase name="updateAnswer2Test" classname="com.example.tests.QuestionServiceTest" time="0.013">
    <error message="id to load is required for loading; nested exception is java.lang.IllegalArgumentException: id to load is required for loading" type="org.springframework.dao.InvalidDataAccessApiUsageException"><![CDATA[org.springframework.dao.InvalidDataAccessApiUsageException: id to load is required for loading; nested exception is java.lang.IllegalArgumentException: id to load is required for loading
	at org.hibernate.event.spi.LoadEvent.<init>(LoadEvent.java:93)
	at org.hibernate.event.spi.LoadEvent.<init>(LoadEvent.java:63)
	at org.hibernate.internal.SessionImpl$IdentifierLoadAccessImpl.load(SessionImpl.java:2693)
	at org.hibernate.internal.SessionImpl.get(SessionImpl.java:975)
	at com.example.repository.QuestionsRepository.findById(QuestionsRepository.java:49)
	at com.example.repository.QuestionsRepository$$FastClassBySpringCGLIB$$75de85c4.invoke(<generated>)
	at org.springframework.cglib.proxy.MethodProxy.invoke(MethodProxy.java:204)
	at org.springframework.aop.framework.CglibAopProxy$CglibMethodInvocation.invokeJoinpoint(CglibAopProxy.java:720)
	at org.springframework.aop.framework.ReflectiveMethodInvocation.proceed(ReflectiveMethodInvocation.java:157)
	at org.springframework.dao.support.PersistenceExceptionTranslationInterceptor.invoke(PersistenceExceptionTranslationInterceptor.java:136)
	at org.springframework.aop.framework.ReflectiveMethodInvocation.proceed(ReflectiveMethodInvocation.java:179)
	at org.springframework.transaction.interceptor.TransactionInterceptor$1.proceedWithInvocation(TransactionInterceptor.java:99)
	at org.springframework.transaction.interceptor.TransactionAspectSupport.invokeWithinTransaction(TransactionAspectSupport.java:281)
	at org.springframework.transaction.interceptor.TransactionInterceptor.invoke(TransactionInterceptor.java:96)
	at org.springframework.aop.framework.ReflectiveMethodInvocation.proceed(ReflectiveMethodInvocation.java:179)
	at org.springframework.aop.framework.CglibAopProxy$DynamicAdvisedInterceptor.intercept(CglibAopProxy.java:655)
	at com.example.repository.QuestionsRepository$$EnhancerBySpringCGLIB$$59c5c1de.findById(<generated>)
	at com.example.service.QuestionServiceImpl.editQuestion(QuestionServiceImpl.java:56)
	at com.example.tests.QuestionServiceTest.updateAnswer2Test(QuestionServiceTest.java:92)
]]></error>
    <system-out><![CDATA[2016-10-24 12:16:01.964  INFO 81743 --- [           main] o.s.t.c.transaction.TransactionContext   : Began transaction (1) for test context [DefaultTestContext@45b9a632 testClass = QuestionServiceTest, testInstance = com.example.tests.QuestionServiceTest@4148ce43, testMethod = updateAnswer2Test@QuestionServiceTest, testException = [null], mergedContextConfiguration = [WebMergedContextConfiguration@25d250c6 testClass = QuestionServiceTest, locations = '{}', classes = '{class com.example.Application}', contextInitializerClasses = '[]', activeProfiles = '{}', propertySourceLocations = '{}', propertySourceProperties = '{org.springframework.boot.test.context.SpringBootTestContextBootstrapper=true}', contextCustomizers = set[org.springframework.boot.test.context.SpringBootTestContextCustomizer@578486a3, org.springframework.boot.test.context.filter.ExcludeFilterContextCustomizer@1dfe2924, org.springframework.boot.test.mock.mockito.MockitoContextCustomizer@0, org.springframework.boot.test.autoconfigure.properties.PropertyMappingContextCustomizer@0, org.springframework.boot.test.autoconfigure.web.servlet.WebDriverContextCustomizerFactory$Customizer@d44fc21], resourceBasePath = 'src/main/webapp', contextLoader = 'org.springframework.boot.test.context.SpringBootContextLoader', parent = [null]]]; transaction manager [org.springframework.orm.hibernate5.HibernateTransactionManager@38a38ed4]; rollback [true]
Hibernate: insert into quizapp.questions (answer, answer1, answer2, answer3, answer4, category_id, difficulty_id, question_name) values (?, ?, ?, ?, ?, ?, ?, ?)
Return question with idnull
2016-10-24 12:16:01.971  INFO 81743 --- [           main] o.s.t.c.transaction.TransactionContext   : Rolled back transaction for test context [DefaultTestContext@45b9a632 testClass = QuestionServiceTest, testInstance = com.example.tests.QuestionServiceTest@4148ce43, testMethod = updateAnswer2Test@QuestionServiceTest, testException = org.springframework.dao.InvalidDataAccessApiUsageException: id to load is required for loading; nested exception is java.lang.IllegalArgumentException: id to load is required for loading, mergedContextConfiguration = [WebMergedContextConfiguration@25d250c6 testClass = QuestionServiceTest, locations = '{}', classes = '{class com.example.Application}', contextInitializerClasses = '[]', activeProfiles = '{}', propertySourceLocations = '{}', propertySourceProperties = '{org.springframework.boot.test.context.SpringBootTestContextBootstrapper=true}', contextCustomizers = set[org.springframework.boot.test.context.SpringBootTestContextCustomizer@578486a3, org.springframework.boot.test.context.filter.ExcludeFilterContextCustomizer@1dfe2924, org.springframework.boot.test.mock.mockito.MockitoContextCustomizer@0, org.springframework.boot.test.autoconfigure.properties.PropertyMappingContextCustomizer@0, org.springframework.boot.test.autoconfigure.web.servlet.WebDriverContextCustomizerFactory$Customizer@d44fc21], resourceBasePath = 'src/main/webapp', contextLoader = 'org.springframework.boot.test.context.SpringBootContextLoader', parent = [null]]].
]]></system-out>
    <system-err><![CDATA[Mon Oct 24 12:16:01 IST 2016 WARN: Establishing SSL connection without server's identity verification is not recommended. According to MySQL 5.5.45+, 5.6.26+ and 5.7.6+ requirements SSL connection must be established by default if explicit option isn't set. For compliance with existing applications not using SSL the verifyServerCertificate property is set to 'false'. You need either to explicitly disable SSL by setting useSSL=false, or set useSSL=true and provide truststore for server certificate verification.
]]></system-err>
  </testcase>
  <testcase name="updateAnswer3Test" classname="com.example.tests.QuestionServiceTest" time="0.029">
    <error message="id to load is required for loading; nested exception is java.lang.IllegalArgumentException: id to load is required for loading" type="org.springframework.dao.InvalidDataAccessApiUsageException"><![CDATA[org.springframework.dao.InvalidDataAccessApiUsageException: id to load is required for loading; nested exception is java.lang.IllegalArgumentException: id to load is required for loading
	at org.hibernate.event.spi.LoadEvent.<init>(LoadEvent.java:93)
	at org.hibernate.event.spi.LoadEvent.<init>(LoadEvent.java:63)
	at org.hibernate.internal.SessionImpl$IdentifierLoadAccessImpl.load(SessionImpl.java:2693)
	at org.hibernate.internal.SessionImpl.get(SessionImpl.java:975)
	at com.example.repository.QuestionsRepository.findById(QuestionsRepository.java:49)
	at com.example.repository.QuestionsRepository$$FastClassBySpringCGLIB$$75de85c4.invoke(<generated>)
	at org.springframework.cglib.proxy.MethodProxy.invoke(MethodProxy.java:204)
	at org.springframework.aop.framework.CglibAopProxy$CglibMethodInvocation.invokeJoinpoint(CglibAopProxy.java:720)
	at org.springframework.aop.framework.ReflectiveMethodInvocation.proceed(ReflectiveMethodInvocation.java:157)
	at org.springframework.dao.support.PersistenceExceptionTranslationInterceptor.invoke(PersistenceExceptionTranslationInterceptor.java:136)
	at org.springframework.aop.framework.ReflectiveMethodInvocation.proceed(ReflectiveMethodInvocation.java:179)
	at org.springframework.transaction.interceptor.TransactionInterceptor$1.proceedWithInvocation(TransactionInterceptor.java:99)
	at org.springframework.transaction.interceptor.TransactionAspectSupport.invokeWithinTransaction(TransactionAspectSupport.java:281)
	at org.springframework.transaction.interceptor.TransactionInterceptor.invoke(TransactionInterceptor.java:96)
	at org.springframework.aop.framework.ReflectiveMethodInvocation.proceed(ReflectiveMethodInvocation.java:179)
	at org.springframework.aop.framework.CglibAopProxy$DynamicAdvisedInterceptor.intercept(CglibAopProxy.java:655)
	at com.example.repository.QuestionsRepository$$EnhancerBySpringCGLIB$$59c5c1de.findById(<generated>)
	at com.example.service.QuestionServiceImpl.editQuestion(QuestionServiceImpl.java:56)
	at com.example.tests.QuestionServiceTest.updateAnswer3Test(QuestionServiceTest.java:109)
]]></error>
    <system-out><![CDATA[2016-10-24 12:16:01.981  INFO 81743 --- [           main] o.s.t.c.transaction.TransactionContext   : Began transaction (1) for test context [DefaultTestContext@45b9a632 testClass = QuestionServiceTest, testInstance = com.example.tests.QuestionServiceTest@521c67f0, testMethod = updateAnswer3Test@QuestionServiceTest, testException = [null], mergedContextConfiguration = [WebMergedContextConfiguration@25d250c6 testClass = QuestionServiceTest, locations = '{}', classes = '{class com.example.Application}', contextInitializerClasses = '[]', activeProfiles = '{}', propertySourceLocations = '{}', propertySourceProperties = '{org.springframework.boot.test.context.SpringBootTestContextBootstrapper=true}', contextCustomizers = set[org.springframework.boot.test.context.SpringBootTestContextCustomizer@578486a3, org.springframework.boot.test.context.filter.ExcludeFilterContextCustomizer@1dfe2924, org.springframework.boot.test.mock.mockito.MockitoContextCustomizer@0, org.springframework.boot.test.autoconfigure.properties.PropertyMappingContextCustomizer@0, org.springframework.boot.test.autoconfigure.web.servlet.WebDriverContextCustomizerFactory$Customizer@d44fc21], resourceBasePath = 'src/main/webapp', contextLoader = 'org.springframework.boot.test.context.SpringBootContextLoader', parent = [null]]]; transaction manager [org.springframework.orm.hibernate5.HibernateTransactionManager@38a38ed4]; rollback [true]
Hibernate: insert into quizapp.questions (answer, answer1, answer2, answer3, answer4, category_id, difficulty_id, question_name) values (?, ?, ?, ?, ?, ?, ?, ?)
Return question with idnull
2016-10-24 12:16:01.996  INFO 81743 --- [           main] o.s.t.c.transaction.TransactionContext   : Rolled back transaction for test context [DefaultTestContext@45b9a632 testClass = QuestionServiceTest, testInstance = com.example.tests.QuestionServiceTest@521c67f0, testMethod = updateAnswer3Test@QuestionServiceTest, testException = org.springframework.dao.InvalidDataAccessApiUsageException: id to load is required for loading; nested exception is java.lang.IllegalArgumentException: id to load is required for loading, mergedContextConfiguration = [WebMergedContextConfiguration@25d250c6 testClass = QuestionServiceTest, locations = '{}', classes = '{class com.example.Application}', contextInitializerClasses = '[]', activeProfiles = '{}', propertySourceLocations = '{}', propertySourceProperties = '{org.springframework.boot.test.context.SpringBootTestContextBootstrapper=true}', contextCustomizers = set[org.springframework.boot.test.context.SpringBootTestContextCustomizer@578486a3, org.springframework.boot.test.context.filter.ExcludeFilterContextCustomizer@1dfe2924, org.springframework.boot.test.mock.mockito.MockitoContextCustomizer@0, org.springframework.boot.test.autoconfigure.properties.PropertyMappingContextCustomizer@0, org.springframework.boot.test.autoconfigure.web.servlet.WebDriverContextCustomizerFactory$Customizer@d44fc21], resourceBasePath = 'src/main/webapp', contextLoader = 'org.springframework.boot.test.context.SpringBootContextLoader', parent = [null]]].
]]></system-out>
    <system-err><![CDATA[Mon Oct 24 12:16:01 IST 2016 WARN: Establishing SSL connection without server's identity verification is not recommended. According to MySQL 5.5.45+, 5.6.26+ and 5.7.6+ requirements SSL connection must be established by default if explicit option isn't set. For compliance with existing applications not using SSL the verifyServerCertificate property is set to 'false'. You need either to explicitly disable SSL by setting useSSL=false, or set useSSL=true and provide truststore for server certificate verification.
]]></system-err>
  </testcase>
  <testcase name="updateAnswer4Test" classname="com.example.tests.QuestionServiceTest" time="0.018">
    <error message="id to load is required for loading; nested exception is java.lang.IllegalArgumentException: id to load is required for loading" type="org.springframework.dao.InvalidDataAccessApiUsageException"><![CDATA[org.springframework.dao.InvalidDataAccessApiUsageException: id to load is required for loading; nested exception is java.lang.IllegalArgumentException: id to load is required for loading
	at org.hibernate.event.spi.LoadEvent.<init>(LoadEvent.java:93)
	at org.hibernate.event.spi.LoadEvent.<init>(LoadEvent.java:63)
	at org.hibernate.internal.SessionImpl$IdentifierLoadAccessImpl.load(SessionImpl.java:2693)
	at org.hibernate.internal.SessionImpl.get(SessionImpl.java:975)
	at com.example.repository.QuestionsRepository.findById(QuestionsRepository.java:49)
	at com.example.repository.QuestionsRepository$$FastClassBySpringCGLIB$$75de85c4.invoke(<generated>)
	at org.springframework.cglib.proxy.MethodProxy.invoke(MethodProxy.java:204)
	at org.springframework.aop.framework.CglibAopProxy$CglibMethodInvocation.invokeJoinpoint(CglibAopProxy.java:720)
	at org.springframework.aop.framework.ReflectiveMethodInvocation.proceed(ReflectiveMethodInvocation.java:157)
	at org.springframework.dao.support.PersistenceExceptionTranslationInterceptor.invoke(PersistenceExceptionTranslationInterceptor.java:136)
	at org.springframework.aop.framework.ReflectiveMethodInvocation.proceed(ReflectiveMethodInvocation.java:179)
	at org.springframework.transaction.interceptor.TransactionInterceptor$1.proceedWithInvocation(TransactionInterceptor.java:99)
	at org.springframework.transaction.interceptor.TransactionAspectSupport.invokeWithinTransaction(TransactionAspectSupport.java:281)
	at org.springframework.transaction.interceptor.TransactionInterceptor.invoke(TransactionInterceptor.java:96)
	at org.springframework.aop.framework.ReflectiveMethodInvocation.proceed(ReflectiveMethodInvocation.java:179)
	at org.springframework.aop.framework.CglibAopProxy$DynamicAdvisedInterceptor.intercept(CglibAopProxy.java:655)
	at com.example.repository.QuestionsRepository$$EnhancerBySpringCGLIB$$59c5c1de.findById(<generated>)
	at com.example.service.QuestionServiceImpl.editQuestion(QuestionServiceImpl.java:56)
	at com.example.tests.QuestionServiceTest.updateAnswer4Test(QuestionServiceTest.java:126)
]]></error>
    <system-out><![CDATA[2016-10-24 12:16:02.008  INFO 81743 --- [           main] o.s.t.c.transaction.TransactionContext   : Began transaction (1) for test context [DefaultTestContext@45b9a632 testClass = QuestionServiceTest, testInstance = com.example.tests.QuestionServiceTest@517bdce0, testMethod = updateAnswer4Test@QuestionServiceTest, testException = [null], mergedContextConfiguration = [WebMergedContextConfiguration@25d250c6 testClass = QuestionServiceTest, locations = '{}', classes = '{class com.example.Application}', contextInitializerClasses = '[]', activeProfiles = '{}', propertySourceLocations = '{}', propertySourceProperties = '{org.springframework.boot.test.context.SpringBootTestContextBootstrapper=true}', contextCustomizers = set[org.springframework.boot.test.context.SpringBootTestContextCustomizer@578486a3, org.springframework.boot.test.context.filter.ExcludeFilterContextCustomizer@1dfe2924, org.springframework.boot.test.mock.mockito.MockitoContextCustomizer@0, org.springframework.boot.test.autoconfigure.properties.PropertyMappingContextCustomizer@0, org.springframework.boot.test.autoconfigure.web.servlet.WebDriverContextCustomizerFactory$Customizer@d44fc21], resourceBasePath = 'src/main/webapp', contextLoader = 'org.springframework.boot.test.context.SpringBootContextLoader', parent = [null]]]; transaction manager [org.springframework.orm.hibernate5.HibernateTransactionManager@38a38ed4]; rollback [true]
Hibernate: insert into quizapp.questions (answer, answer1, answer2, answer3, answer4, category_id, difficulty_id, question_name) values (?, ?, ?, ?, ?, ?, ?, ?)
Return question with idnull
2016-10-24 12:16:02.017  INFO 81743 --- [           main] o.s.t.c.transaction.TransactionContext   : Rolled back transaction for test context [DefaultTestContext@45b9a632 testClass = QuestionServiceTest, testInstance = com.example.tests.QuestionServiceTest@517bdce0, testMethod = updateAnswer4Test@QuestionServiceTest, testException = org.springframework.dao.InvalidDataAccessApiUsageException: id to load is required for loading; nested exception is java.lang.IllegalArgumentException: id to load is required for loading, mergedContextConfiguration = [WebMergedContextConfiguration@25d250c6 testClass = QuestionServiceTest, locations = '{}', classes = '{class com.example.Application}', contextInitializerClasses = '[]', activeProfiles = '{}', propertySourceLocations = '{}', propertySourceProperties = '{org.springframework.boot.test.context.SpringBootTestContextBootstrapper=true}', contextCustomizers = set[org.springframework.boot.test.context.SpringBootTestContextCustomizer@578486a3, org.springframework.boot.test.context.filter.ExcludeFilterContextCustomizer@1dfe2924, org.springframework.boot.test.mock.mockito.MockitoContextCustomizer@0, org.springframework.boot.test.autoconfigure.properties.PropertyMappingContextCustomizer@0, org.springframework.boot.test.autoconfigure.web.servlet.WebDriverContextCustomizerFactory$Customizer@d44fc21], resourceBasePath = 'src/main/webapp', contextLoader = 'org.springframework.boot.test.context.SpringBootContextLoader', parent = [null]]].
]]></system-out>
    <system-err><![CDATA[Mon Oct 24 12:16:02 IST 2016 WARN: Establishing SSL connection without server's identity verification is not recommended. According to MySQL 5.5.45+, 5.6.26+ and 5.7.6+ requirements SSL connection must be established by default if explicit option isn't set. For compliance with existing applications not using SSL the verifyServerCertificate property is set to 'false'. You need either to explicitly disable SSL by setting useSSL=false, or set useSSL=true and provide truststore for server certificate verification.
]]></system-err>
  </testcase>
  <testcase name="deleteQuestionTest" classname="com.example.tests.QuestionServiceTest" time="0.025">
    <error type="java.lang.NullPointerException:">java.lang.NullPointerException: null
	at com.example.tests.QuestionServiceTest.deleteQuestionTest(QuestionServiceTest.java:210)
</error>
    <system-out><![CDATA[Hibernate: insert into quizapp.questions (answer, answer1, answer2, answer3, answer4, category_id, difficulty_id, question_name) values (?, ?, ?, ?, ?, ?, ?, ?)
]]></system-out>
    <system-err><![CDATA[Mon Oct 24 12:16:02 IST 2016 WARN: Establishing SSL connection without server's identity verification is not recommended. According to MySQL 5.5.45+, 5.6.26+ and 5.7.6+ requirements SSL connection must be established by default if explicit option isn't set. For compliance with existing applications not using SSL the verifyServerCertificate property is set to 'false'. You need either to explicitly disable SSL by setting useSSL=false, or set useSSL=true and provide truststore for server certificate verification.
]]></system-err>
  </testcase>
  <testcase name="updateQuestionTest" classname="com.example.tests.QuestionServiceTest" time="0.012">
    <error message="id to load is required for loading; nested exception is java.lang.IllegalArgumentException: id to load is required for loading" type="org.springframework.dao.InvalidDataAccessApiUsageException"><![CDATA[org.springframework.dao.InvalidDataAccessApiUsageException: id to load is required for loading; nested exception is java.lang.IllegalArgumentException: id to load is required for loading
	at org.hibernate.event.spi.LoadEvent.<init>(LoadEvent.java:93)
	at org.hibernate.event.spi.LoadEvent.<init>(LoadEvent.java:63)
	at org.hibernate.internal.SessionImpl$IdentifierLoadAccessImpl.load(SessionImpl.java:2693)
	at org.hibernate.internal.SessionImpl.get(SessionImpl.java:975)
	at com.example.repository.QuestionsRepository.findById(QuestionsRepository.java:49)
	at com.example.repository.QuestionsRepository$$FastClassBySpringCGLIB$$75de85c4.invoke(<generated>)
	at org.springframework.cglib.proxy.MethodProxy.invoke(MethodProxy.java:204)
	at org.springframework.aop.framework.CglibAopProxy$CglibMethodInvocation.invokeJoinpoint(CglibAopProxy.java:720)
	at org.springframework.aop.framework.ReflectiveMethodInvocation.proceed(ReflectiveMethodInvocation.java:157)
	at org.springframework.dao.support.PersistenceExceptionTranslationInterceptor.invoke(PersistenceExceptionTranslationInterceptor.java:136)
	at org.springframework.aop.framework.ReflectiveMethodInvocation.proceed(ReflectiveMethodInvocation.java:179)
	at org.springframework.transaction.interceptor.TransactionInterceptor$1.proceedWithInvocation(TransactionInterceptor.java:99)
	at org.springframework.transaction.interceptor.TransactionAspectSupport.invokeWithinTransaction(TransactionAspectSupport.java:281)
	at org.springframework.transaction.interceptor.TransactionInterceptor.invoke(TransactionInterceptor.java:96)
	at org.springframework.aop.framework.ReflectiveMethodInvocation.proceed(ReflectiveMethodInvocation.java:179)
	at org.springframework.aop.framework.CglibAopProxy$DynamicAdvisedInterceptor.intercept(CglibAopProxy.java:655)
	at com.example.repository.QuestionsRepository$$EnhancerBySpringCGLIB$$59c5c1de.findById(<generated>)
	at com.example.service.QuestionServiceImpl.editQuestion(QuestionServiceImpl.java:56)
	at com.example.tests.QuestionServiceTest.updateQuestionTest(QuestionServiceTest.java:57)
]]></error>
    <system-out><![CDATA[2016-10-24 12:16:02.054  INFO 81743 --- [           main] o.s.t.c.transaction.TransactionContext   : Began transaction (1) for test context [DefaultTestContext@45b9a632 testClass = QuestionServiceTest, testInstance = com.example.tests.QuestionServiceTest@432f4626, testMethod = updateQuestionTest@QuestionServiceTest, testException = [null], mergedContextConfiguration = [WebMergedContextConfiguration@25d250c6 testClass = QuestionServiceTest, locations = '{}', classes = '{class com.example.Application}', contextInitializerClasses = '[]', activeProfiles = '{}', propertySourceLocations = '{}', propertySourceProperties = '{org.springframework.boot.test.context.SpringBootTestContextBootstrapper=true}', contextCustomizers = set[org.springframework.boot.test.context.SpringBootTestContextCustomizer@578486a3, org.springframework.boot.test.context.filter.ExcludeFilterContextCustomizer@1dfe2924, org.springframework.boot.test.mock.mockito.MockitoContextCustomizer@0, org.springframework.boot.test.autoconfigure.properties.PropertyMappingContextCustomizer@0, org.springframework.boot.test.autoconfigure.web.servlet.WebDriverContextCustomizerFactory$Customizer@d44fc21], resourceBasePath = 'src/main/webapp', contextLoader = 'org.springframework.boot.test.context.SpringBootContextLoader', parent = [null]]]; transaction manager [org.springframework.orm.hibernate5.HibernateTransactionManager@38a38ed4]; rollback [true]
Hibernate: insert into quizapp.questions (answer, answer1, answer2, answer3, answer4, category_id, difficulty_id, question_name) values (?, ?, ?, ?, ?, ?, ?, ?)
Return question with idnull
2016-10-24 12:16:02.060  INFO 81743 --- [           main] o.s.t.c.transaction.TransactionContext   : Rolled back transaction for test context [DefaultTestContext@45b9a632 testClass = QuestionServiceTest, testInstance = com.example.tests.QuestionServiceTest@432f4626, testMethod = updateQuestionTest@QuestionServiceTest, testException = org.springframework.dao.InvalidDataAccessApiUsageException: id to load is required for loading; nested exception is java.lang.IllegalArgumentException: id to load is required for loading, mergedContextConfiguration = [WebMergedContextConfiguration@25d250c6 testClass = QuestionServiceTest, locations = '{}', classes = '{class com.example.Application}', contextInitializerClasses = '[]', activeProfiles = '{}', propertySourceLocations = '{}', propertySourceProperties = '{org.springframework.boot.test.context.SpringBootTestContextBootstrapper=true}', contextCustomizers = set[org.springframework.boot.test.context.SpringBootTestContextCustomizer@578486a3, org.springframework.boot.test.context.filter.ExcludeFilterContextCustomizer@1dfe2924, org.springframework.boot.test.mock.mockito.MockitoContextCustomizer@0, org.springframework.boot.test.autoconfigure.properties.PropertyMappingContextCustomizer@0, org.springframework.boot.test.autoconfigure.web.servlet.WebDriverContextCustomizerFactory$Customizer@d44fc21], resourceBasePath = 'src/main/webapp', contextLoader = 'org.springframework.boot.test.context.SpringBootContextLoader', parent = [null]]].
]]></system-out>
    <system-err><![CDATA[Mon Oct 24 12:16:02 IST 2016 WARN: Establishing SSL connection without server's identity verification is not recommended. According to MySQL 5.5.45+, 5.6.26+ and 5.7.6+ requirements SSL connection must be established by default if explicit option isn't set. For compliance with existing applications not using SSL the verifyServerCertificate property is set to 'false'. You need either to explicitly disable SSL by setting useSSL=false, or set useSSL=true and provide truststore for server certificate verification.
]]></system-err>
  </testcase>
  <testcase name="deleteQuestionInvalidId" classname="com.example.tests.QuestionServiceTest" time="0.034">
    <error message="Unexpected exception, expected&lt;inti.ws.spring.exception.client.BadRequestException&gt; but was&lt;org.springframework.orm.hibernate5.HibernateObjectRetrievalFailureException&gt;" type="java.lang.Exception"><![CDATA[java.lang.Exception: Unexpected exception, expected<inti.ws.spring.exception.client.BadRequestException> but was<org.springframework.orm.hibernate5.HibernateObjectRetrievalFailureException>
	at org.hibernate.boot.internal.StandardEntityNotFoundDelegate.handleEntityNotFound(StandardEntityNotFoundDelegate.java:28)
	at org.hibernate.proxy.AbstractLazyInitializer.checkTargetState(AbstractLazyInitializer.java:242)
	at org.hibernate.proxy.AbstractLazyInitializer.initialize(AbstractLazyInitializer.java:159)
	at org.hibernate.proxy.AbstractLazyInitializer.getImplementation(AbstractLazyInitializer.java:266)
	at org.hibernate.engine.internal.StatefulPersistenceContext.unproxyAndReassociate(StatefulPersistenceContext.java:634)
	at org.hibernate.event.internal.DefaultDeleteEventListener.onDelete(DefaultDeleteEventListener.java:72)
	at org.hibernate.event.internal.DefaultDeleteEventListener.onDelete(DefaultDeleteEventListener.java:56)
	at org.hibernate.internal.SessionImpl.fireDelete(SessionImpl.java:921)
	at org.hibernate.internal.SessionImpl.delete(SessionImpl.java:860)
	at com.example.repository.QuestionsRepository.deleteById(QuestionsRepository.java:37)
	at com.example.repository.QuestionsRepository$$FastClassBySpringCGLIB$$75de85c4.invoke(<generated>)
	at org.springframework.cglib.proxy.MethodProxy.invoke(MethodProxy.java:204)
	at org.springframework.aop.framework.CglibAopProxy$CglibMethodInvocation.invokeJoinpoint(CglibAopProxy.java:720)
	at org.springframework.aop.framework.ReflectiveMethodInvocation.proceed(ReflectiveMethodInvocation.java:157)
	at org.springframework.dao.support.PersistenceExceptionTranslationInterceptor.invoke(PersistenceExceptionTranslationInterceptor.java:136)
	at org.springframework.aop.framework.ReflectiveMethodInvocation.proceed(ReflectiveMethodInvocation.java:179)
	at org.springframework.transaction.interceptor.TransactionInterceptor$1.proceedWithInvocation(TransactionInterceptor.java:99)
	at org.springframework.transaction.interceptor.TransactionAspectSupport.invokeWithinTransaction(TransactionAspectSupport.java:281)
	at org.springframework.transaction.interceptor.TransactionInterceptor.invoke(TransactionInterceptor.java:96)
	at org.springframework.aop.framework.ReflectiveMethodInvocation.proceed(ReflectiveMethodInvocation.java:179)
	at org.springframework.aop.framework.CglibAopProxy$DynamicAdvisedInterceptor.intercept(CglibAopProxy.java:655)
	at com.example.repository.QuestionsRepository$$EnhancerBySpringCGLIB$$59c5c1de.deleteById(<generated>)
	at com.example.service.QuestionServiceImpl.deleteById(QuestionServiceImpl.java:29)
	at com.example.tests.QuestionServiceTest.deleteQuestionInvalidId(QuestionServiceTest.java:220)
]]></error>
    <system-out><![CDATA[2016-10-24 12:16:02.067  INFO 81743 --- [           main] o.s.t.c.transaction.TransactionContext   : Began transaction (1) for test context [DefaultTestContext@45b9a632 testClass = QuestionServiceTest, testInstance = com.example.tests.QuestionServiceTest@4b56b517, testMethod = deleteQuestionInvalidId@QuestionServiceTest, testException = [null], mergedContextConfiguration = [WebMergedContextConfiguration@25d250c6 testClass = QuestionServiceTest, locations = '{}', classes = '{class com.example.Application}', contextInitializerClasses = '[]', activeProfiles = '{}', propertySourceLocations = '{}', propertySourceProperties = '{org.springframework.boot.test.context.SpringBootTestContextBootstrapper=true}', contextCustomizers = set[org.springframework.boot.test.context.SpringBootTestContextCustomizer@578486a3, org.springframework.boot.test.context.filter.ExcludeFilterContextCustomizer@1dfe2924, org.springframework.boot.test.mock.mockito.MockitoContextCustomizer@0, org.springframework.boot.test.autoconfigure.properties.PropertyMappingContextCustomizer@0, org.springframework.boot.test.autoconfigure.web.servlet.WebDriverContextCustomizerFactory$Customizer@d44fc21], resourceBasePath = 'src/main/webapp', contextLoader = 'org.springframework.boot.test.context.SpringBootContextLoader', parent = [null]]]; transaction manager [org.springframework.orm.hibernate5.HibernateTransactionManager@38a38ed4]; rollback [true]
Hibernate: select questions0_.id as id1_0_0_, questions0_.answer as answer2_0_0_, questions0_.answer1 as answer3_0_0_, questions0_.answer2 as answer4_0_0_, questions0_.answer3 as answer5_0_0_, questions0_.answer4 as answer6_0_0_, questions0_.category_id as category7_0_0_, questions0_.difficulty_id as difficul8_0_0_, questions0_.question_name as question9_0_0_ from quizapp.questions questions0_ where questions0_.id=?
2016-10-24 12:16:02.094  INFO 81743 --- [           main] o.s.t.c.transaction.TransactionContext   : Rolled back transaction for test context [DefaultTestContext@45b9a632 testClass = QuestionServiceTest, testInstance = com.example.tests.QuestionServiceTest@4b56b517, testMethod = deleteQuestionInvalidId@QuestionServiceTest, testException = java.lang.Exception: Unexpected exception, expected<inti.ws.spring.exception.client.BadRequestException> but was<org.springframework.orm.hibernate5.HibernateObjectRetrievalFailureException>, mergedContextConfiguration = [WebMergedContextConfiguration@25d250c6 testClass = QuestionServiceTest, locations = '{}', classes = '{class com.example.Application}', contextInitializerClasses = '[]', activeProfiles = '{}', propertySourceLocations = '{}', propertySourceProperties = '{org.springframework.boot.test.context.SpringBootTestContextBootstrapper=true}', contextCustomizers = set[org.springframework.boot.test.context.SpringBootTestContextCustomizer@578486a3, org.springframework.boot.test.context.filter.ExcludeFilterContextCustomizer@1dfe2924, org.springframework.boot.test.mock.mockito.MockitoContextCustomizer@0, org.springframework.boot.test.autoconfigure.properties.PropertyMappingContextCustomizer@0, org.springframework.boot.test.autoconfigure.web.servlet.WebDriverContextCustomizerFactory$Customizer@d44fc21], resourceBasePath = 'src/main/webapp', contextLoader = 'org.springframework.boot.test.context.SpringBootContextLoader', parent = [null]]].
]]></system-out>
    <system-err><![CDATA[Mon Oct 24 12:16:02 IST 2016 WARN: Establishing SSL connection without server's identity verification is not recommended. According to MySQL 5.5.45+, 5.6.26+ and 5.7.6+ requirements SSL connection must be established by default if explicit option isn't set. For compliance with existing applications not using SSL the verifyServerCertificate property is set to 'false'. You need either to explicitly disable SSL by setting useSSL=false, or set useSSL=true and provide truststore for server certificate verification.
]]></system-err>
  </testcase>
  <testcase name="updateCategoryTest" classname="com.example.tests.QuestionServiceTest" time="0.015">
    <error message="id to load is required for loading; nested exception is java.lang.IllegalArgumentException: id to load is required for loading" type="org.springframework.dao.InvalidDataAccessApiUsageException"><![CDATA[org.springframework.dao.InvalidDataAccessApiUsageException: id to load is required for loading; nested exception is java.lang.IllegalArgumentException: id to load is required for loading
	at org.hibernate.event.spi.LoadEvent.<init>(LoadEvent.java:93)
	at org.hibernate.event.spi.LoadEvent.<init>(LoadEvent.java:63)
	at org.hibernate.internal.SessionImpl$IdentifierLoadAccessImpl.load(SessionImpl.java:2693)
	at org.hibernate.internal.SessionImpl.get(SessionImpl.java:975)
	at com.example.repository.QuestionsRepository.findById(QuestionsRepository.java:49)
	at com.example.repository.QuestionsRepository$$FastClassBySpringCGLIB$$75de85c4.invoke(<generated>)
	at org.springframework.cglib.proxy.MethodProxy.invoke(MethodProxy.java:204)
	at org.springframework.aop.framework.CglibAopProxy$CglibMethodInvocation.invokeJoinpoint(CglibAopProxy.java:720)
	at org.springframework.aop.framework.ReflectiveMethodInvocation.proceed(ReflectiveMethodInvocation.java:157)
	at org.springframework.dao.support.PersistenceExceptionTranslationInterceptor.invoke(PersistenceExceptionTranslationInterceptor.java:136)
	at org.springframework.aop.framework.ReflectiveMethodInvocation.proceed(ReflectiveMethodInvocation.java:179)
	at org.springframework.transaction.interceptor.TransactionInterceptor$1.proceedWithInvocation(TransactionInterceptor.java:99)
	at org.springframework.transaction.interceptor.TransactionAspectSupport.invokeWithinTransaction(TransactionAspectSupport.java:281)
	at org.springframework.transaction.interceptor.TransactionInterceptor.invoke(TransactionInterceptor.java:96)
	at org.springframework.aop.framework.ReflectiveMethodInvocation.proceed(ReflectiveMethodInvocation.java:179)
	at org.springframework.aop.framework.CglibAopProxy$DynamicAdvisedInterceptor.intercept(CglibAopProxy.java:655)
	at com.example.repository.QuestionsRepository$$EnhancerBySpringCGLIB$$59c5c1de.findById(<generated>)
	at com.example.service.QuestionServiceImpl.editQuestion(QuestionServiceImpl.java:56)
	at com.example.tests.QuestionServiceTest.updateCategoryTest(QuestionServiceTest.java:160)
]]></error>
    <system-out><![CDATA[2016-10-24 12:16:02.102  INFO 81743 --- [           main] o.s.t.c.transaction.TransactionContext   : Began transaction (1) for test context [DefaultTestContext@45b9a632 testClass = QuestionServiceTest, testInstance = com.example.tests.QuestionServiceTest@d3d5094, testMethod = updateCategoryTest@QuestionServiceTest, testException = [null], mergedContextConfiguration = [WebMergedContextConfiguration@25d250c6 testClass = QuestionServiceTest, locations = '{}', classes = '{class com.example.Application}', contextInitializerClasses = '[]', activeProfiles = '{}', propertySourceLocations = '{}', propertySourceProperties = '{org.springframework.boot.test.context.SpringBootTestContextBootstrapper=true}', contextCustomizers = set[org.springframework.boot.test.context.SpringBootTestContextCustomizer@578486a3, org.springframework.boot.test.context.filter.ExcludeFilterContextCustomizer@1dfe2924, org.springframework.boot.test.mock.mockito.MockitoContextCustomizer@0, org.springframework.boot.test.autoconfigure.properties.PropertyMappingContextCustomizer@0, org.springframework.boot.test.autoconfigure.web.servlet.WebDriverContextCustomizerFactory$Customizer@d44fc21], resourceBasePath = 'src/main/webapp', contextLoader = 'org.springframework.boot.test.context.SpringBootContextLoader', parent = [null]]]; transaction manager [org.springframework.orm.hibernate5.HibernateTransactionManager@38a38ed4]; rollback [true]
Hibernate: insert into quizapp.questions (answer, answer1, answer2, answer3, answer4, category_id, difficulty_id, question_name) values (?, ?, ?, ?, ?, ?, ?, ?)
Return question with idnull
2016-10-24 12:16:02.110  INFO 81743 --- [           main] o.s.t.c.transaction.TransactionContext   : Rolled back transaction for test context [DefaultTestContext@45b9a632 testClass = QuestionServiceTest, testInstance = com.example.tests.QuestionServiceTest@d3d5094, testMethod = updateCategoryTest@QuestionServiceTest, testException = org.springframework.dao.InvalidDataAccessApiUsageException: id to load is required for loading; nested exception is java.lang.IllegalArgumentException: id to load is required for loading, mergedContextConfiguration = [WebMergedContextConfiguration@25d250c6 testClass = QuestionServiceTest, locations = '{}', classes = '{class com.example.Application}', contextInitializerClasses = '[]', activeProfiles = '{}', propertySourceLocations = '{}', propertySourceProperties = '{org.springframework.boot.test.context.SpringBootTestContextBootstrapper=true}', contextCustomizers = set[org.springframework.boot.test.context.SpringBootTestContextCustomizer@578486a3, org.springframework.boot.test.context.filter.ExcludeFilterContextCustomizer@1dfe2924, org.springframework.boot.test.mock.mockito.MockitoContextCustomizer@0, org.springframework.boot.test.autoconfigure.properties.PropertyMappingContextCustomizer@0, org.springframework.boot.test.autoconfigure.web.servlet.WebDriverContextCustomizerFactory$Customizer@d44fc21], resourceBasePath = 'src/main/webapp', contextLoader = 'org.springframework.boot.test.context.SpringBootContextLoader', parent = [null]]].
]]></system-out>
    <system-err><![CDATA[Mon Oct 24 12:16:02 IST 2016 WARN: Establishing SSL connection without server's identity verification is not recommended. According to MySQL 5.5.45+, 5.6.26+ and 5.7.6+ requirements SSL connection must be established by default if explicit option isn't set. For compliance with existing applications not using SSL the verifyServerCertificate property is set to 'false'. You need either to explicitly disable SSL by setting useSSL=false, or set useSSL=true and provide truststore for server certificate verification.
]]></system-err>
  </testcase>
  <testcase name="updateAnswerTest" classname="com.example.tests.QuestionServiceTest" time="0.019">
    <error message="id to load is required for loading; nested exception is java.lang.IllegalArgumentException: id to load is required for loading" type="org.springframework.dao.InvalidDataAccessApiUsageException"><![CDATA[org.springframework.dao.InvalidDataAccessApiUsageException: id to load is required for loading; nested exception is java.lang.IllegalArgumentException: id to load is required for loading
	at org.hibernate.event.spi.LoadEvent.<init>(LoadEvent.java:93)
	at org.hibernate.event.spi.LoadEvent.<init>(LoadEvent.java:63)
	at org.hibernate.internal.SessionImpl$IdentifierLoadAccessImpl.load(SessionImpl.java:2693)
	at org.hibernate.internal.SessionImpl.get(SessionImpl.java:975)
	at com.example.repository.QuestionsRepository.findById(QuestionsRepository.java:49)
	at com.example.repository.QuestionsRepository$$FastClassBySpringCGLIB$$75de85c4.invoke(<generated>)
	at org.springframework.cglib.proxy.MethodProxy.invoke(MethodProxy.java:204)
	at org.springframework.aop.framework.CglibAopProxy$CglibMethodInvocation.invokeJoinpoint(CglibAopProxy.java:720)
	at org.springframework.aop.framework.ReflectiveMethodInvocation.proceed(ReflectiveMethodInvocation.java:157)
	at org.springframework.dao.support.PersistenceExceptionTranslationInterceptor.invoke(PersistenceExceptionTranslationInterceptor.java:136)
	at org.springframework.aop.framework.ReflectiveMethodInvocation.proceed(ReflectiveMethodInvocation.java:179)
	at org.springframework.transaction.interceptor.TransactionInterceptor$1.proceedWithInvocation(TransactionInterceptor.java:99)
	at org.springframework.transaction.interceptor.TransactionAspectSupport.invokeWithinTransaction(TransactionAspectSupport.java:281)
	at org.springframework.transaction.interceptor.TransactionInterceptor.invoke(TransactionInterceptor.java:96)
	at org.springframework.aop.framework.ReflectiveMethodInvocation.proceed(ReflectiveMethodInvocation.java:179)
	at org.springframework.aop.framework.CglibAopProxy$DynamicAdvisedInterceptor.intercept(CglibAopProxy.java:655)
	at com.example.repository.QuestionsRepository$$EnhancerBySpringCGLIB$$59c5c1de.findById(<generated>)
	at com.example.service.QuestionServiceImpl.editQuestion(QuestionServiceImpl.java:56)
	at com.example.tests.QuestionServiceTest.updateAnswerTest(QuestionServiceTest.java:143)
]]></error>
    <system-out><![CDATA[2016-10-24 12:16:02.123  INFO 81743 --- [           main] o.s.t.c.transaction.TransactionContext   : Began transaction (1) for test context [DefaultTestContext@45b9a632 testClass = QuestionServiceTest, testInstance = com.example.tests.QuestionServiceTest@38b54694, testMethod = updateAnswerTest@QuestionServiceTest, testException = [null], mergedContextConfiguration = [WebMergedContextConfiguration@25d250c6 testClass = QuestionServiceTest, locations = '{}', classes = '{class com.example.Application}', contextInitializerClasses = '[]', activeProfiles = '{}', propertySourceLocations = '{}', propertySourceProperties = '{org.springframework.boot.test.context.SpringBootTestContextBootstrapper=true}', contextCustomizers = set[org.springframework.boot.test.context.SpringBootTestContextCustomizer@578486a3, org.springframework.boot.test.context.filter.ExcludeFilterContextCustomizer@1dfe2924, org.springframework.boot.test.mock.mockito.MockitoContextCustomizer@0, org.springframework.boot.test.autoconfigure.properties.PropertyMappingContextCustomizer@0, org.springframework.boot.test.autoconfigure.web.servlet.WebDriverContextCustomizerFactory$Customizer@d44fc21], resourceBasePath = 'src/main/webapp', contextLoader = 'org.springframework.boot.test.context.SpringBootContextLoader', parent = [null]]]; transaction manager [org.springframework.orm.hibernate5.HibernateTransactionManager@38a38ed4]; rollback [true]
Hibernate: insert into quizapp.questions (answer, answer1, answer2, answer3, answer4, category_id, difficulty_id, question_name) values (?, ?, ?, ?, ?, ?, ?, ?)
Return question with idnull
2016-10-24 12:16:02.131  INFO 81743 --- [           main] o.s.t.c.transaction.TransactionContext   : Rolled back transaction for test context [DefaultTestContext@45b9a632 testClass = QuestionServiceTest, testInstance = com.example.tests.QuestionServiceTest@38b54694, testMethod = updateAnswerTest@QuestionServiceTest, testException = org.springframework.dao.InvalidDataAccessApiUsageException: id to load is required for loading; nested exception is java.lang.IllegalArgumentException: id to load is required for loading, mergedContextConfiguration = [WebMergedContextConfiguration@25d250c6 testClass = QuestionServiceTest, locations = '{}', classes = '{class com.example.Application}', contextInitializerClasses = '[]', activeProfiles = '{}', propertySourceLocations = '{}', propertySourceProperties = '{org.springframework.boot.test.context.SpringBootTestContextBootstrapper=true}', contextCustomizers = set[org.springframework.boot.test.context.SpringBootTestContextCustomizer@578486a3, org.springframework.boot.test.context.filter.ExcludeFilterContextCustomizer@1dfe2924, org.springframework.boot.test.mock.mockito.MockitoContextCustomizer@0, org.springframework.boot.test.autoconfigure.properties.PropertyMappingContextCustomizer@0, org.springframework.boot.test.autoconfigure.web.servlet.WebDriverContextCustomizerFactory$Customizer@d44fc21], resourceBasePath = 'src/main/webapp', contextLoader = 'org.springframework.boot.test.context.SpringBootContextLoader', parent = [null]]].
]]></system-out>
    <system-err><![CDATA[Mon Oct 24 12:16:02 IST 2016 WARN: Establishing SSL connection without server's identity verification is not recommended. According to MySQL 5.5.45+, 5.6.26+ and 5.7.6+ requirements SSL connection must be established by default if explicit option isn't set. For compliance with existing applications not using SSL the verifyServerCertificate property is set to 'false'. You need either to explicitly disable SSL by setting useSSL=false, or set useSSL=true and provide truststore for server certificate verification.
]]></system-err>
  </testcase>
  <testcase name="updateDifficultyTest" classname="com.example.tests.QuestionServiceTest" time="0.013">
    <error message="id to load is required for loading; nested exception is java.lang.IllegalArgumentException: id to load is required for loading" type="org.springframework.dao.InvalidDataAccessApiUsageException"><![CDATA[org.springframework.dao.InvalidDataAccessApiUsageException: id to load is required for loading; nested exception is java.lang.IllegalArgumentException: id to load is required for loading
	at org.hibernate.event.spi.LoadEvent.<init>(LoadEvent.java:93)
	at org.hibernate.event.spi.LoadEvent.<init>(LoadEvent.java:63)
	at org.hibernate.internal.SessionImpl$IdentifierLoadAccessImpl.load(SessionImpl.java:2693)
	at org.hibernate.internal.SessionImpl.get(SessionImpl.java:975)
	at com.example.repository.QuestionsRepository.findById(QuestionsRepository.java:49)
	at com.example.repository.QuestionsRepository$$FastClassBySpringCGLIB$$75de85c4.invoke(<generated>)
	at org.springframework.cglib.proxy.MethodProxy.invoke(MethodProxy.java:204)
	at org.springframework.aop.framework.CglibAopProxy$CglibMethodInvocation.invokeJoinpoint(CglibAopProxy.java:720)
	at org.springframework.aop.framework.ReflectiveMethodInvocation.proceed(ReflectiveMethodInvocation.java:157)
	at org.springframework.dao.support.PersistenceExceptionTranslationInterceptor.invoke(PersistenceExceptionTranslationInterceptor.java:136)
	at org.springframework.aop.framework.ReflectiveMethodInvocation.proceed(ReflectiveMethodInvocation.java:179)
	at org.springframework.transaction.interceptor.TransactionInterceptor$1.proceedWithInvocation(TransactionInterceptor.java:99)
	at org.springframework.transaction.interceptor.TransactionAspectSupport.invokeWithinTransaction(TransactionAspectSupport.java:281)
	at org.springframework.transaction.interceptor.TransactionInterceptor.invoke(TransactionInterceptor.java:96)
	at org.springframework.aop.framework.ReflectiveMethodInvocation.proceed(ReflectiveMethodInvocation.java:179)
	at org.springframework.aop.framework.CglibAopProxy$DynamicAdvisedInterceptor.intercept(CglibAopProxy.java:655)
	at com.example.repository.QuestionsRepository$$EnhancerBySpringCGLIB$$59c5c1de.findById(<generated>)
	at com.example.service.QuestionServiceImpl.editQuestion(QuestionServiceImpl.java:56)
	at com.example.tests.QuestionServiceTest.updateDifficultyTest(QuestionServiceTest.java:177)
]]></error>
    <system-out><![CDATA[2016-10-24 12:16:02.139  INFO 81743 --- [           main] o.s.t.c.transaction.TransactionContext   : Began transaction (1) for test context [DefaultTestContext@45b9a632 testClass = QuestionServiceTest, testInstance = com.example.tests.QuestionServiceTest@662713b6, testMethod = updateDifficultyTest@QuestionServiceTest, testException = [null], mergedContextConfiguration = [WebMergedContextConfiguration@25d250c6 testClass = QuestionServiceTest, locations = '{}', classes = '{class com.example.Application}', contextInitializerClasses = '[]', activeProfiles = '{}', propertySourceLocations = '{}', propertySourceProperties = '{org.springframework.boot.test.context.SpringBootTestContextBootstrapper=true}', contextCustomizers = set[org.springframework.boot.test.context.SpringBootTestContextCustomizer@578486a3, org.springframework.boot.test.context.filter.ExcludeFilterContextCustomizer@1dfe2924, org.springframework.boot.test.mock.mockito.MockitoContextCustomizer@0, org.springframework.boot.test.autoconfigure.properties.PropertyMappingContextCustomizer@0, org.springframework.boot.test.autoconfigure.web.servlet.WebDriverContextCustomizerFactory$Customizer@d44fc21], resourceBasePath = 'src/main/webapp', contextLoader = 'org.springframework.boot.test.context.SpringBootContextLoader', parent = [null]]]; transaction manager [org.springframework.orm.hibernate5.HibernateTransactionManager@38a38ed4]; rollback [true]
Hibernate: insert into quizapp.questions (answer, answer1, answer2, answer3, answer4, category_id, difficulty_id, question_name) values (?, ?, ?, ?, ?, ?, ?, ?)
Return question with idnull
2016-10-24 12:16:02.145  INFO 81743 --- [           main] o.s.t.c.transaction.TransactionContext   : Rolled back transaction for test context [DefaultTestContext@45b9a632 testClass = QuestionServiceTest, testInstance = com.example.tests.QuestionServiceTest@662713b6, testMethod = updateDifficultyTest@QuestionServiceTest, testException = org.springframework.dao.InvalidDataAccessApiUsageException: id to load is required for loading; nested exception is java.lang.IllegalArgumentException: id to load is required for loading, mergedContextConfiguration = [WebMergedContextConfiguration@25d250c6 testClass = QuestionServiceTest, locations = '{}', classes = '{class com.example.Application}', contextInitializerClasses = '[]', activeProfiles = '{}', propertySourceLocations = '{}', propertySourceProperties = '{org.springframework.boot.test.context.SpringBootTestContextBootstrapper=true}', contextCustomizers = set[org.springframework.boot.test.context.SpringBootTestContextCustomizer@578486a3, org.springframework.boot.test.context.filter.ExcludeFilterContextCustomizer@1dfe2924, org.springframework.boot.test.mock.mockito.MockitoContextCustomizer@0, org.springframework.boot.test.autoconfigure.properties.PropertyMappingContextCustomizer@0, org.springframework.boot.test.autoconfigure.web.servlet.WebDriverContextCustomizerFactory$Customizer@d44fc21], resourceBasePath = 'src/main/webapp', contextLoader = 'org.springframework.boot.test.context.SpringBootContextLoader', parent = [null]]].
]]></system-out>
    <system-err><![CDATA[Mon Oct 24 12:16:02 IST 2016 WARN: Establishing SSL connection without server's identity verification is not recommended. According to MySQL 5.5.45+, 5.6.26+ and 5.7.6+ requirements SSL connection must be established by default if explicit option isn't set. For compliance with existing applications not using SSL the verifyServerCertificate property is set to 'false'. You need either to explicitly disable SSL by setting useSSL=false, or set useSSL=true and provide truststore for server certificate verification.
]]></system-err>
  </testcase>
  <testcase name="getAllQuestionsTest" classname="com.example.tests.QuestionServiceTest" time="0.177">
    <error type="java.lang.NullPointerException:">java.lang.NullPointerException: null
	at com.example.tests.QuestionServiceTest.getAllQuestionsTest(QuestionServiceTest.java:195)
</error>
    <system-out><![CDATA[2016-10-24 12:16:02.152  INFO 81743 --- [           main] o.s.t.c.transaction.TransactionContext   : Began transaction (1) for test context [DefaultTestContext@45b9a632 testClass = QuestionServiceTest, testInstance = com.example.tests.QuestionServiceTest@2ed7978c, testMethod = getAllQuestionsTest@QuestionServiceTest, testException = [null], mergedContextConfiguration = [WebMergedContextConfiguration@25d250c6 testClass = QuestionServiceTest, locations = '{}', classes = '{class com.example.Application}', contextInitializerClasses = '[]', activeProfiles = '{}', propertySourceLocations = '{}', propertySourceProperties = '{org.springframework.boot.test.context.SpringBootTestContextBootstrapper=true}', contextCustomizers = set[org.springframework.boot.test.context.SpringBootTestContextCustomizer@578486a3, org.springframework.boot.test.context.filter.ExcludeFilterContextCustomizer@1dfe2924, org.springframework.boot.test.mock.mockito.MockitoContextCustomizer@0, org.springframework.boot.test.autoconfigure.properties.PropertyMappingContextCustomizer@0, org.springframework.boot.test.autoconfigure.web.servlet.WebDriverContextCustomizerFactory$Customizer@d44fc21], resourceBasePath = 'src/main/webapp', contextLoader = 'org.springframework.boot.test.context.SpringBootContextLoader', parent = [null]]]; transaction manager [org.springframework.orm.hibernate5.HibernateTransactionManager@38a38ed4]; rollback [true]
2016-10-24 12:16:02.164  INFO 81743 --- [           main] o.h.h.i.QueryTranslatorFactoryInitiator  : HHH000397: Using ASTQueryTranslatorFactory
Hibernate: select questions0_.id as id1_0_, questions0_.answer as answer2_0_, questions0_.answer1 as answer3_0_, questions0_.answer2 as answer4_0_, questions0_.answer3 as answer5_0_, questions0_.answer4 as answer6_0_, questions0_.category_id as category7_0_, questions0_.difficulty_id as difficul8_0_, questions0_.question_name as question9_0_ from quizapp.questions questions0_
Hibernate: insert into quizapp.questions (answer, answer1, answer2, answer3, answer4, category_id, difficulty_id, question_name) values (?, ?, ?, ?, ?, ?, ?, ?)
2016-10-24 12:16:02.319  INFO 81743 --- [           main] o.s.t.c.transaction.TransactionContext   : Rolled back transaction for test context [DefaultTestContext@45b9a632 testClass = QuestionServiceTest, testInstance = com.example.tests.QuestionServiceTest@2ed7978c, testMethod = getAllQuestionsTest@QuestionServiceTest, testException = java.lang.NullPointerException, mergedContextConfiguration = [WebMergedContextConfiguration@25d250c6 testClass = QuestionServiceTest, locations = '{}', classes = '{class com.example.Application}', contextInitializerClasses = '[]', activeProfiles = '{}', propertySourceLocations = '{}', propertySourceProperties = '{org.springframework.boot.test.context.SpringBootTestContextBootstrapper=true}', contextCustomizers = set[org.springframework.boot.test.context.SpringBootTestContextCustomizer@578486a3, org.springframework.boot.test.context.filter.ExcludeFilterContextCustomizer@1dfe2924, org.springframework.boot.test.mock.mockito.MockitoContextCustomizer@0, org.springframework.boot.test.autoconfigure.properties.PropertyMappingContextCustomizer@0, org.springframework.boot.test.autoconfigure.web.servlet.WebDriverContextCustomizerFactory$Customizer@d44fc21], resourceBasePath = 'src/main/webapp', contextLoader = 'org.springframework.boot.test.context.SpringBootContextLoader', parent = [null]]].
]]></system-out>
    <system-err><![CDATA[Mon Oct 24 12:16:02 IST 2016 WARN: Establishing SSL connection without server's identity verification is not recommended. According to MySQL 5.5.45+, 5.6.26+ and 5.7.6+ requirements SSL connection must be established by default if explicit option isn't set. For compliance with existing applications not using SSL the verifyServerCertificate property is set to 'false'. You need either to explicitly disable SSL by setting useSSL=false, or set useSSL=true and provide truststore for server certificate verification.
]]></system-err>
  </testcase>
  <testcase name="addQuestionTest" classname="com.example.tests.QuestionServiceTest" time="0.013">
    <error type="java.lang.NullPointerException:">java.lang.NullPointerException: null
	at com.example.tests.QuestionServiceTest.addQuestionTest(QuestionServiceTest.java:41)
</error>
    <system-out><![CDATA[2016-10-24 12:16:02.330  INFO 81743 --- [           main] o.s.t.c.transaction.TransactionContext   : Began transaction (1) for test context [DefaultTestContext@45b9a632 testClass = QuestionServiceTest, testInstance = com.example.tests.QuestionServiceTest@2d88c1bf, testMethod = addQuestionTest@QuestionServiceTest, testException = [null], mergedContextConfiguration = [WebMergedContextConfiguration@25d250c6 testClass = QuestionServiceTest, locations = '{}', classes = '{class com.example.Application}', contextInitializerClasses = '[]', activeProfiles = '{}', propertySourceLocations = '{}', propertySourceProperties = '{org.springframework.boot.test.context.SpringBootTestContextBootstrapper=true}', contextCustomizers = set[org.springframework.boot.test.context.SpringBootTestContextCustomizer@578486a3, org.springframework.boot.test.context.filter.ExcludeFilterContextCustomizer@1dfe2924, org.springframework.boot.test.mock.mockito.MockitoContextCustomizer@0, org.springframework.boot.test.autoconfigure.properties.PropertyMappingContextCustomizer@0, org.springframework.boot.test.autoconfigure.web.servlet.WebDriverContextCustomizerFactory$Customizer@d44fc21], resourceBasePath = 'src/main/webapp', contextLoader = 'org.springframework.boot.test.context.SpringBootContextLoader', parent = [null]]]; transaction manager [org.springframework.orm.hibernate5.HibernateTransactionManager@38a38ed4]; rollback [true]
Hibernate: insert into quizapp.questions (answer, answer1, answer2, answer3, answer4, category_id, difficulty_id, question_name) values (?, ?, ?, ?, ?, ?, ?, ?)
2016-10-24 12:16:02.338  INFO 81743 --- [           main] o.s.t.c.transaction.TransactionContext   : Rolled back transaction for test context [DefaultTestContext@45b9a632 testClass = QuestionServiceTest, testInstance = com.example.tests.QuestionServiceTest@2d88c1bf, testMethod = addQuestionTest@QuestionServiceTest, testException = java.lang.NullPointerException, mergedContextConfiguration = [WebMergedContextConfiguration@25d250c6 testClass = QuestionServiceTest, locations = '{}', classes = '{class com.example.Application}', contextInitializerClasses = '[]', activeProfiles = '{}', propertySourceLocations = '{}', propertySourceProperties = '{org.springframework.boot.test.context.SpringBootTestContextBootstrapper=true}', contextCustomizers = set[org.springframework.boot.test.context.SpringBootTestContextCustomizer@578486a3, org.springframework.boot.test.context.filter.ExcludeFilterContextCustomizer@1dfe2924, org.springframework.boot.test.mock.mockito.MockitoContextCustomizer@0, org.springframework.boot.test.autoconfigure.properties.PropertyMappingContextCustomizer@0, org.springframework.boot.test.autoconfigure.web.servlet.WebDriverContextCustomizerFactory$Customizer@d44fc21], resourceBasePath = 'src/main/webapp', contextLoader = 'org.springframework.boot.test.context.SpringBootContextLoader', parent = [null]]].
]]></system-out>
    <system-err><![CDATA[Mon Oct 24 12:16:02 IST 2016 WARN: Establishing SSL connection without server's identity verification is not recommended. According to MySQL 5.5.45+, 5.6.26+ and 5.7.6+ requirements SSL connection must be established by default if explicit option isn't set. For compliance with existing applications not using SSL the verifyServerCertificate property is set to 'false'. You need either to explicitly disable SSL by setting useSSL=false, or set useSSL=true and provide truststore for server certificate verification.
]]></system-err>
  </testcase>
</testsuite>